  [1m[35m (2.1ms)[0m  [1m[34mSELECT sqlite_version(*)[0m
  [1m[35m (11.5ms)[0m  [1m[35mCREATE TABLE "schema_migrations" ("version" varchar NOT NULL PRIMARY KEY)[0m
  [1m[35m (12.6ms)[0m  [1m[35mCREATE TABLE "ar_internal_metadata" ("key" varchar NOT NULL PRIMARY KEY, "value" varchar, "created_at" datetime(6) NOT NULL, "updated_at" datetime(6) NOT NULL)[0m
  [1m[36mActiveRecord::SchemaMigration Pluck (0.3ms)[0m  [1m[34mSELECT "schema_migrations"."version" FROM "schema_migrations" ORDER BY "schema_migrations"."version" ASC[0m
Migrating to CreateCategories (20220606185542)
  [1m[36mTRANSACTION (0.1ms)[0m  [1m[36mbegin transaction[0m
  [1m[35m (0.6ms)[0m  [1m[35mCREATE TABLE "categories" ("id" integer PRIMARY KEY AUTOINCREMENT NOT NULL, "category_name" varchar, "created_at" datetime(6) NOT NULL, "updated_at" datetime(6) NOT NULL)[0m
  [1m[36mActiveRecord::SchemaMigration Create (0.3ms)[0m  [1m[32mINSERT INTO "schema_migrations" ("version") VALUES (?)[0m  [["version", "20220606185542"]]
  [1m[36mTRANSACTION (10.2ms)[0m  [1m[36mcommit transaction[0m
Migrating to CreateUnits (20220606185647)
  [1m[36mTRANSACTION (0.1ms)[0m  [1m[36mbegin transaction[0m
  [1m[35m (0.6ms)[0m  [1m[35mCREATE TABLE "units" ("id" integer PRIMARY KEY AUTOINCREMENT NOT NULL, "unit_name" varchar, "created_at" datetime(6) NOT NULL, "updated_at" datetime(6) NOT NULL)[0m
  [1m[36mActiveRecord::SchemaMigration Create (0.3ms)[0m  [1m[32mINSERT INTO "schema_migrations" ("version") VALUES (?)[0m  [["version", "20220606185647"]]
  [1m[36mTRANSACTION (11.1ms)[0m  [1m[36mcommit transaction[0m
Migrating to CreateIngredients (20220606185730)
  [1m[36mTRANSACTION (0.2ms)[0m  [1m[36mbegin transaction[0m
  [1m[35m (0.6ms)[0m  [1m[35mCREATE TABLE "ingredients" ("id" integer PRIMARY KEY AUTOINCREMENT NOT NULL, "ingredient_name" varchar, "created_at" datetime(6) NOT NULL, "updated_at" datetime(6) NOT NULL)[0m
  [1m[36mActiveRecord::SchemaMigration Create (0.3ms)[0m  [1m[32mINSERT INTO "schema_migrations" ("version") VALUES (?)[0m  [["version", "20220606185730"]]
  [1m[36mTRANSACTION (13.2ms)[0m  [1m[36mcommit transaction[0m
  [1m[36mActiveRecord::InternalMetadata Load (0.3ms)[0m  [1m[34mSELECT "ar_internal_metadata".* FROM "ar_internal_metadata" WHERE "ar_internal_metadata"."key" = ? LIMIT ?[0m  [["key", "environment"], ["LIMIT", 1]]
  [1m[36mTRANSACTION (0.1ms)[0m  [1m[36mbegin transaction[0m
  [1m[36mActiveRecord::InternalMetadata Create (0.4ms)[0m  [1m[32mINSERT INTO "ar_internal_metadata" ("key", "value", "created_at", "updated_at") VALUES (?, ?, ?, ?)[0m  [["key", "environment"], ["value", "development"], ["created_at", "2022-06-06 18:57:37.577791"], ["updated_at", "2022-06-06 18:57:37.577791"]]
  [1m[36mTRANSACTION (7.4ms)[0m  [1m[36mcommit transaction[0m
  [1m[35m (0.1ms)[0m  [1m[34mSELECT sqlite_version(*)[0m
  [1m[36mActiveRecord::SchemaMigration Pluck (0.2ms)[0m  [1m[34mSELECT "schema_migrations"."version" FROM "schema_migrations" ORDER BY "schema_migrations"."version" ASC[0m
  [1m[35m (0.9ms)[0m  [1m[34mSELECT sqlite_version(*)[0m
  [1m[35m (0.8ms)[0m  [1m[34mSELECT sqlite_version(*)[0m
  [1m[36mActiveRecord::SchemaMigration Pluck (0.3ms)[0m  [1m[34mSELECT "schema_migrations"."version" FROM "schema_migrations" ORDER BY "schema_migrations"."version" ASC[0m
Migrating to CreateUsers (20220606185827)
  [1m[36mTRANSACTION (0.1ms)[0m  [1m[36mbegin transaction[0m
  [1m[35m (0.5ms)[0m  [1m[35mCREATE TABLE "users" ("id" integer PRIMARY KEY AUTOINCREMENT NOT NULL, "username" varchar, "user_email" varchar, "user_password" varchar, "created_at" datetime(6) NOT NULL, "updated_at" datetime(6) NOT NULL)[0m
  [1m[36mActiveRecord::SchemaMigration Create (0.2ms)[0m  [1m[32mINSERT INTO "schema_migrations" ("version") VALUES (?)[0m  [["version", "20220606185827"]]
  [1m[36mTRANSACTION (9.9ms)[0m  [1m[36mcommit transaction[0m
Migrating to CreateRecipes (20220606190019)
  [1m[36mTRANSACTION (0.1ms)[0m  [1m[36mbegin transaction[0m
  [1m[35m (0.4ms)[0m  [1m[35mCREATE TABLE "recipes" ("id" integer PRIMARY KEY AUTOINCREMENT NOT NULL, "recipe_name" varchar, "image" blob, "cooking_time" integer, "desc" text, "ingredient_qty" integer, "instructions" varchar, "servings" integer, "created_at" datetime(6) NOT NULL, "updated_at" datetime(6) NOT NULL)[0m
  [1m[36mActiveRecord::SchemaMigration Create (0.2ms)[0m  [1m[32mINSERT INTO "schema_migrations" ("version") VALUES (?)[0m  [["version", "20220606190019"]]
  [1m[36mTRANSACTION (10.2ms)[0m  [1m[36mcommit transaction[0m
Migrating to CreateMealplans (20220606190028)
  [1m[36mTRANSACTION (0.1ms)[0m  [1m[36mbegin transaction[0m
  [1m[35m (0.4ms)[0m  [1m[35mCREATE TABLE "mealplans" ("id" integer PRIMARY KEY AUTOINCREMENT NOT NULL, "created_at" datetime(6) NOT NULL, "updated_at" datetime(6) NOT NULL)[0m
  [1m[36mActiveRecord::SchemaMigration Create (0.2ms)[0m  [1m[32mINSERT INTO "schema_migrations" ("version") VALUES (?)[0m  [["version", "20220606190028"]]
  [1m[36mTRANSACTION (9.4ms)[0m  [1m[36mcommit transaction[0m
  [1m[36mActiveRecord::InternalMetadata Load (0.3ms)[0m  [1m[34mSELECT "ar_internal_metadata".* FROM "ar_internal_metadata" WHERE "ar_internal_metadata"."key" = ? LIMIT ?[0m  [["key", "environment"], ["LIMIT", 1]]
  [1m[35m (0.1ms)[0m  [1m[34mSELECT sqlite_version(*)[0m
  [1m[36mActiveRecord::SchemaMigration Pluck (0.1ms)[0m  [1m[34mSELECT "schema_migrations"."version" FROM "schema_migrations" ORDER BY "schema_migrations"."version" ASC[0m
  [1m[35m (0.9ms)[0m  [1m[34mSELECT sqlite_version(*)[0m
  [1m[36mActiveRecord::SchemaMigration Pluck (0.2ms)[0m  [1m[34mSELECT "schema_migrations"."version" FROM "schema_migrations" ORDER BY "schema_migrations"."version" ASC[0m
  [1m[36mActiveRecord::InternalMetadata Load (0.4ms)[0m  [1m[34mSELECT "ar_internal_metadata".* FROM "ar_internal_metadata" WHERE "ar_internal_metadata"."key" = ? LIMIT ?[0m  [["key", "environment"], ["LIMIT", 1]]
  [1m[35m (0.1ms)[0m  [1m[34mSELECT sqlite_version(*)[0m
  [1m[36mActiveRecord::SchemaMigration Pluck (0.2ms)[0m  [1m[34mSELECT "schema_migrations"."version" FROM "schema_migrations" ORDER BY "schema_migrations"."version" ASC[0m
  [1m[35m (1.4ms)[0m  [1m[34mSELECT sqlite_version(*)[0m
  [1m[36mActiveRecord::SchemaMigration Pluck (0.3ms)[0m  [1m[34mSELECT "schema_migrations"."version" FROM "schema_migrations" ORDER BY "schema_migrations"."version" ASC[0m
Migrating to AddRecipeIdToMealplans (20220606191911)
  [1m[36mTRANSACTION (0.2ms)[0m  [1m[36mbegin transaction[0m
  [1m[35m (1.1ms)[0m  [1m[35mALTER TABLE "mealplans" ADD "recipe_id" integer[0m
  [1m[35m (0.3ms)[0m  [1m[35mCREATE INDEX "index_mealplans_on_recipe_id" ON "mealplans" ("recipe_id")[0m
  [1m[36mActiveRecord::SchemaMigration Create (0.9ms)[0m  [1m[32mINSERT INTO "schema_migrations" ("version") VALUES (?)[0m  [["version", "20220606191911"]]
  [1m[36mTRANSACTION (10.0ms)[0m  [1m[36mcommit transaction[0m
  [1m[36mActiveRecord::InternalMetadata Load (0.5ms)[0m  [1m[34mSELECT "ar_internal_metadata".* FROM "ar_internal_metadata" WHERE "ar_internal_metadata"."key" = ? LIMIT ?[0m  [["key", "environment"], ["LIMIT", 1]]
  [1m[35m (0.2ms)[0m  [1m[34mSELECT sqlite_version(*)[0m
  [1m[36mActiveRecord::SchemaMigration Pluck (0.1ms)[0m  [1m[34mSELECT "schema_migrations"."version" FROM "schema_migrations" ORDER BY "schema_migrations"."version" ASC[0m
  [1m[35m (1.1ms)[0m  [1m[34mSELECT sqlite_version(*)[0m
  [1m[36mActiveRecord::SchemaMigration Pluck (0.2ms)[0m  [1m[34mSELECT "schema_migrations"."version" FROM "schema_migrations" ORDER BY "schema_migrations"."version" ASC[0m
Migrating to AddUserIdToMealplans (20220606192025)
  [1m[36mTRANSACTION (0.1ms)[0m  [1m[36mbegin transaction[0m
  [1m[35m (0.5ms)[0m  [1m[35mALTER TABLE "mealplans" ADD "user_id" integer[0m
  [1m[36mActiveRecord::SchemaMigration Create (0.3ms)[0m  [1m[32mINSERT INTO "schema_migrations" ("version") VALUES (?)[0m  [["version", "20220606192025"]]
  [1m[36mTRANSACTION (7.6ms)[0m  [1m[36mcommit transaction[0m
  [1m[36mActiveRecord::InternalMetadata Load (0.6ms)[0m  [1m[34mSELECT "ar_internal_metadata".* FROM "ar_internal_metadata" WHERE "ar_internal_metadata"."key" = ? LIMIT ?[0m  [["key", "environment"], ["LIMIT", 1]]
  [1m[35m (0.1ms)[0m  [1m[34mSELECT sqlite_version(*)[0m
  [1m[36mActiveRecord::SchemaMigration Pluck (0.2ms)[0m  [1m[34mSELECT "schema_migrations"."version" FROM "schema_migrations" ORDER BY "schema_migrations"."version" ASC[0m
  [1m[35m (0.8ms)[0m  [1m[34mSELECT sqlite_version(*)[0m
  [1m[36mActiveRecord::SchemaMigration Pluck (0.3ms)[0m  [1m[34mSELECT "schema_migrations"."version" FROM "schema_migrations" ORDER BY "schema_migrations"."version" ASC[0m
Migrating to AddIngredientIdToRecipes (20220606192101)
  [1m[36mTRANSACTION (0.1ms)[0m  [1m[36mbegin transaction[0m
  [1m[35m (0.6ms)[0m  [1m[35mALTER TABLE "recipes" ADD "ingredient_id" integer[0m
  [1m[36mActiveRecord::SchemaMigration Create (0.3ms)[0m  [1m[32mINSERT INTO "schema_migrations" ("version") VALUES (?)[0m  [["version", "20220606192101"]]
  [1m[36mTRANSACTION (7.6ms)[0m  [1m[36mcommit transaction[0m
  [1m[36mActiveRecord::InternalMetadata Load (0.3ms)[0m  [1m[34mSELECT "ar_internal_metadata".* FROM "ar_internal_metadata" WHERE "ar_internal_metadata"."key" = ? LIMIT ?[0m  [["key", "environment"], ["LIMIT", 1]]
  [1m[35m (0.1ms)[0m  [1m[34mSELECT sqlite_version(*)[0m
  [1m[36mActiveRecord::SchemaMigration Pluck (0.1ms)[0m  [1m[34mSELECT "schema_migrations"."version" FROM "schema_migrations" ORDER BY "schema_migrations"."version" ASC[0m
  [1m[35m (0.9ms)[0m  [1m[34mSELECT sqlite_version(*)[0m
  [1m[36mActiveRecord::SchemaMigration Pluck (0.2ms)[0m  [1m[34mSELECT "schema_migrations"."version" FROM "schema_migrations" ORDER BY "schema_migrations"."version" ASC[0m
Migrating to AddUnitIdToRecipes (20220606192126)
  [1m[36mTRANSACTION (0.1ms)[0m  [1m[36mbegin transaction[0m
  [1m[35m (0.6ms)[0m  [1m[35mALTER TABLE "recipes" ADD "unit_id" integer[0m
  [1m[36mActiveRecord::SchemaMigration Create (0.4ms)[0m  [1m[32mINSERT INTO "schema_migrations" ("version") VALUES (?)[0m  [["version", "20220606192126"]]
  [1m[36mTRANSACTION (7.6ms)[0m  [1m[36mcommit transaction[0m
  [1m[36mActiveRecord::InternalMetadata Load (0.5ms)[0m  [1m[34mSELECT "ar_internal_metadata".* FROM "ar_internal_metadata" WHERE "ar_internal_metadata"."key" = ? LIMIT ?[0m  [["key", "environment"], ["LIMIT", 1]]
  [1m[35m (0.1ms)[0m  [1m[34mSELECT sqlite_version(*)[0m
  [1m[36mActiveRecord::SchemaMigration Pluck (0.1ms)[0m  [1m[34mSELECT "schema_migrations"."version" FROM "schema_migrations" ORDER BY "schema_migrations"."version" ASC[0m
  [1m[35m (0.8ms)[0m  [1m[34mSELECT sqlite_version(*)[0m
  [1m[36mActiveRecord::SchemaMigration Pluck (0.2ms)[0m  [1m[34mSELECT "schema_migrations"."version" FROM "schema_migrations" ORDER BY "schema_migrations"."version" ASC[0m
Migrating to AddCategoryIdToRecipes (20220606192155)
  [1m[36mTRANSACTION (0.1ms)[0m  [1m[36mbegin transaction[0m
  [1m[35m (0.6ms)[0m  [1m[35mALTER TABLE "recipes" ADD "category_id" integer[0m
  [1m[36mActiveRecord::SchemaMigration Create (0.2ms)[0m  [1m[32mINSERT INTO "schema_migrations" ("version") VALUES (?)[0m  [["version", "20220606192155"]]
  [1m[36mTRANSACTION (7.7ms)[0m  [1m[36mcommit transaction[0m
  [1m[36mActiveRecord::InternalMetadata Load (0.2ms)[0m  [1m[34mSELECT "ar_internal_metadata".* FROM "ar_internal_metadata" WHERE "ar_internal_metadata"."key" = ? LIMIT ?[0m  [["key", "environment"], ["LIMIT", 1]]
  [1m[35m (0.1ms)[0m  [1m[34mSELECT sqlite_version(*)[0m
  [1m[36mActiveRecord::SchemaMigration Pluck (0.1ms)[0m  [1m[34mSELECT "schema_migrations"."version" FROM "schema_migrations" ORDER BY "schema_migrations"."version" ASC[0m
Started GET "/" for ::1 at 2022-06-12 19:54:41 +0100
  [1m[35m (1.5ms)[0m  [1m[34mSELECT sqlite_version(*)[0m
  [1m[36mActiveRecord::SchemaMigration Pluck (0.2ms)[0m  [1m[34mSELECT "schema_migrations"."version" FROM "schema_migrations" ORDER BY "schema_migrations"."version" ASC[0m
Processing by Rails::WelcomeController#index as HTML
  Rendering /home/yuli-r/.rbenv/versions/3.0.3/lib/ruby/gems/3.0.0/gems/railties-7.0.3/lib/rails/templates/rails/welcome/index.html.erb
  Rendered /home/yuli-r/.rbenv/versions/3.0.3/lib/ruby/gems/3.0.0/gems/railties-7.0.3/lib/rails/templates/rails/welcome/index.html.erb (Duration: 3.9ms | Allocations: 838)
Completed 200 OK in 41ms (Views: 18.1ms | ActiveRecord: 0.0ms | Allocations: 7798)


Started GET "/" for ::1 at 2022-06-12 19:54:48 +0100
Processing by Rails::WelcomeController#index as HTML
  Rendering /home/yuli-r/.rbenv/versions/3.0.3/lib/ruby/gems/3.0.0/gems/railties-7.0.3/lib/rails/templates/rails/welcome/index.html.erb
  Rendered /home/yuli-r/.rbenv/versions/3.0.3/lib/ruby/gems/3.0.0/gems/railties-7.0.3/lib/rails/templates/rails/welcome/index.html.erb (Duration: 1.2ms | Allocations: 405)
Completed 200 OK in 4ms (Views: 2.8ms | ActiveRecord: 0.0ms | Allocations: 1437)


Started GET "/" for ::1 at 2022-06-12 19:56:57 +0100
  
ArgumentError (Missing :controller key on routes definition, please check your routes.):
  
config/routes.rb:3:in `block in <main>'
config/routes.rb:1:in `<main>'
Started GET "/" for ::1 at 2022-06-12 19:57:05 +0100
  
ActionController::RoutingError (uninitialized constant HomeController):
  
Started GET "/recipes/index" for ::1 at 2022-06-12 19:59:28 +0100
Processing by RecipesController#show as HTML
  Parameters: {"id"=>"index"}
  [1m[35m (0.1ms)[0m  [1m[34mSELECT sqlite_version(*)[0m
  ↳ app/controllers/recipes_controller.rb:63:in `set_recipe'
  [1m[36mRecipe Load (0.4ms)[0m  [1m[34mSELECT "recipes".* FROM "recipes" WHERE "recipes"."id" = ? LIMIT ?[0m  [["id", nil], ["LIMIT", 1]]
  ↳ app/controllers/recipes_controller.rb:63:in `set_recipe'
Completed 404 Not Found in 30ms (ActiveRecord: 1.6ms | Allocations: 9509)


  
ActiveRecord::RecordNotFound (Couldn't find Recipe with 'id'=index):
  
app/controllers/recipes_controller.rb:63:in `set_recipe'
Started GET "/recipe/index" for ::1 at 2022-06-12 19:59:35 +0100
  
ActionController::RoutingError (No route matches [GET] "/recipe/index"):
  
Started GET "/users/index" for ::1 at 2022-06-12 20:00:10 +0100
Processing by UsersController#show as HTML
  Parameters: {"id"=>"index"}
  [1m[36mUser Load (0.2ms)[0m  [1m[34mSELECT "users".* FROM "users" WHERE "users"."id" = ? LIMIT ?[0m  [["id", nil], ["LIMIT", 1]]
  ↳ app/controllers/users_controller.rb:63:in `set_user'
Completed 404 Not Found in 12ms (ActiveRecord: 1.2ms | Allocations: 3568)


  
ActiveRecord::RecordNotFound (Couldn't find User with 'id'=index):
  
app/controllers/users_controller.rb:63:in `set_user'
Started GET "/recipes/index" for ::1 at 2022-06-12 20:00:49 +0100
Processing by RecipesController#show as HTML
  Parameters: {"id"=>"index"}
  [1m[36mRecipe Load (0.1ms)[0m  [1m[34mSELECT "recipes".* FROM "recipes" WHERE "recipes"."id" = ? LIMIT ?[0m  [["id", nil], ["LIMIT", 1]]
  ↳ app/controllers/recipes_controller.rb:63:in `set_recipe'
Completed 404 Not Found in 3ms (ActiveRecord: 0.1ms | Allocations: 941)


  
ActiveRecord::RecordNotFound (Couldn't find Recipe with 'id'=index):
  
app/controllers/recipes_controller.rb:63:in `set_recipe'
Started GET "/recipes/" for ::1 at 2022-06-12 20:00:58 +0100
Processing by RecipesController#index as HTML
  Rendering layout layouts/application.html.erb
  Rendering recipes/index.html.erb within layouts/application
  [1m[36mRecipe Load (0.3ms)[0m  [1m[34mSELECT "recipes".* FROM "recipes"[0m
  ↳ app/views/recipes/index.html.erb:6
  Rendered recipes/index.html.erb within layouts/application (Duration: 4.5ms | Allocations: 1215)
  Rendered layout layouts/application.html.erb (Duration: 347.5ms | Allocations: 92540)
Completed 200 OK in 353ms (Views: 351.3ms | ActiveRecord: 0.3ms | Allocations: 93706)


Started GET "/recipes/" for ::1 at 2022-06-12 20:01:29 +0100
Processing by RecipesController#index as HTML
  Rendering layout layouts/application.html.erb
  Rendering recipes/index.html.erb within layouts/application
  [1m[36mRecipe Load (0.2ms)[0m  [1m[34mSELECT "recipes".* FROM "recipes"[0m
  ↳ app/views/recipes/index.html.erb:6
  Rendered recipes/index.html.erb within layouts/application (Duration: 5.0ms | Allocations: 1223)
  Rendered layout layouts/application.html.erb (Duration: 14.2ms | Allocations: 3841)
Completed 200 OK in 28ms (Views: 25.5ms | ActiveRecord: 0.2ms | Allocations: 5030)


Started GET "/" for ::1 at 2022-06-12 20:02:18 +0100
  
ArgumentError (Missing :controller key on routes definition, please check your routes.):
  
config/routes.rb:2:in `block in <main>'
config/routes.rb:1:in `<main>'
Started GET "/" for ::1 at 2022-06-12 20:02:36 +0100
  
ArgumentError (Missing :controller key on routes definition, please check your routes.):
  
config/routes.rb:2:in `block in <main>'
config/routes.rb:1:in `<main>'
Started GET "/" for ::1 at 2022-06-12 20:02:49 +0100
Processing by RecipesController#index as HTML
  Rendering layout layouts/application.html.erb
  Rendering recipes/index.html.erb within layouts/application
  [1m[35m (0.1ms)[0m  [1m[34mSELECT sqlite_version(*)[0m
  ↳ app/views/recipes/index.html.erb:6
  [1m[36mRecipe Load (0.2ms)[0m  [1m[34mSELECT "recipes".* FROM "recipes"[0m
  ↳ app/views/recipes/index.html.erb:6
  Rendered recipes/index.html.erb within layouts/application (Duration: 5.0ms | Allocations: 1689)
  Rendered layout layouts/application.html.erb (Duration: 29.3ms | Allocations: 15250)
Completed 200 OK in 42ms (Views: 31.8ms | ActiveRecord: 0.7ms | Allocations: 18700)


Started GET "/" for ::1 at 2022-06-12 20:03:15 +0100
Processing by RecipesController#index as HTML
  Rendering layout layouts/application.html.erb
  Rendering recipes/index.html.erb within layouts/application
  [1m[35m (0.1ms)[0m  [1m[34mSELECT sqlite_version(*)[0m
  ↳ app/views/recipes/index.html.erb:6
  [1m[36mRecipe Load (0.3ms)[0m  [1m[34mSELECT "recipes".* FROM "recipes"[0m
  ↳ app/views/recipes/index.html.erb:6
  Rendered recipes/index.html.erb within layouts/application (Duration: 7.9ms | Allocations: 1684)
  Rendered layout layouts/application.html.erb (Duration: 30.6ms | Allocations: 15145)
Completed 200 OK in 45ms (Views: 33.8ms | ActiveRecord: 1.0ms | Allocations: 18576)


Started GET "/" for ::1 at 2022-06-12 20:04:12 +0100
Processing by RecipesController#index as HTML
  Rendering layout layouts/application.html.erb
  Rendering recipes/index.html.erb within layouts/application
  [1m[35m (0.2ms)[0m  [1m[34mSELECT sqlite_version(*)[0m
  ↳ app/views/recipes/index.html.erb:8
  [1m[36mRecipe Load (0.2ms)[0m  [1m[34mSELECT "recipes".* FROM "recipes"[0m
  ↳ app/views/recipes/index.html.erb:8
  Rendered recipes/index.html.erb within layouts/application (Duration: 7.1ms | Allocations: 1958)
  Rendered layout layouts/application.html.erb (Duration: 32.6ms | Allocations: 15626)
Completed 200 OK in 44ms (Views: 36.2ms | ActiveRecord: 0.7ms | Allocations: 19411)


Started GET "/" for ::1 at 2022-06-12 20:04:36 +0100
Processing by RecipesController#index as HTML
  Rendering layout layouts/application.html.erb
  Rendering recipes/index.html.erb within layouts/application
  [1m[36mRecipe Load (0.4ms)[0m  [1m[34mSELECT "recipes".* FROM "recipes"[0m
  ↳ app/views/recipes/index.html.erb:8
  Rendered recipes/index.html.erb within layouts/application (Duration: 7.3ms | Allocations: 1223)
  Rendered layout layouts/application.html.erb (Duration: 24.2ms | Allocations: 3840)
Completed 200 OK in 29ms (Views: 27.5ms | ActiveRecord: 0.4ms | Allocations: 5030)


Started GET "/" for ::1 at 2022-06-12 20:08:42 +0100
Processing by RecipesController#index as HTML
  Rendering layout layouts/application.html.erb
  Rendering recipes/index.html.erb within layouts/application
  [1m[36mRecipe Load (0.1ms)[0m  [1m[34mSELECT "recipes".* FROM "recipes"[0m
  ↳ app/views/recipes/index.html.erb:8
  Rendered recipes/index.html.erb within layouts/application (Duration: 2.7ms | Allocations: 1233)
  Rendered layout layouts/application.html.erb (Duration: 9.8ms | Allocations: 3855)
Completed 200 OK in 13ms (Views: 11.9ms | ActiveRecord: 0.1ms | Allocations: 5045)


Started GET "/" for ::1 at 2022-06-12 20:09:03 +0100
Processing by RecipesController#index as HTML
  Rendering layout layouts/application.html.erb
  Rendering recipes/index.html.erb within layouts/application
  [1m[36mRecipe Load (0.2ms)[0m  [1m[34mSELECT "recipes".* FROM "recipes"[0m
  ↳ app/views/recipes/index.html.erb:8
  Rendered recipes/index.html.erb within layouts/application (Duration: 5.6ms | Allocations: 1202)
  Rendered layout layouts/application.html.erb (Duration: 12.2ms | Allocations: 3824)
Completed 200 OK in 17ms (Views: 15.9ms | ActiveRecord: 0.2ms | Allocations: 5014)


Started GET "/" for ::1 at 2022-06-12 20:11:05 +0100
Processing by RecipesController#index as HTML
  Rendering layout layouts/application.html.erb
  Rendering recipes/index.html.erb within layouts/application
  [1m[36mRecipe Load (0.1ms)[0m  [1m[34mSELECT "recipes".* FROM "recipes"[0m
  ↳ app/views/recipes/index.html.erb:8
  Rendered recipes/index.html.erb within layouts/application (Duration: 3.4ms | Allocations: 1202)
  Rendered layouts/_header.html.erb (Duration: 0.8ms | Allocations: 109)
  Rendered layout layouts/application.html.erb (Duration: 13.8ms | Allocations: 4081)
Completed 200 OK in 18ms (Views: 16.3ms | ActiveRecord: 0.1ms | Allocations: 5270)


Started GET "/" for ::1 at 2022-06-12 20:11:12 +0100
Processing by RecipesController#index as HTML
  Rendering layout layouts/application.html.erb
  Rendering recipes/index.html.erb within layouts/application
  [1m[36mRecipe Load (0.1ms)[0m  [1m[34mSELECT "recipes".* FROM "recipes"[0m
  ↳ app/views/recipes/index.html.erb:8
  Rendered recipes/index.html.erb within layouts/application (Duration: 3.9ms | Allocations: 1208)
  Rendered layouts/_header.html.erb (Duration: 0.6ms | Allocations: 101)
  Rendered layout layouts/application.html.erb (Duration: 10.0ms | Allocations: 4072)
Completed 200 OK in 15ms (Views: 13.4ms | ActiveRecord: 0.1ms | Allocations: 5261)


Started GET "/" for ::1 at 2022-06-12 20:12:47 +0100
Processing by RecipesController#index as HTML
  Rendering layout layouts/application.html.erb
  Rendering recipes/index.html.erb within layouts/application
  [1m[36mRecipe Load (0.2ms)[0m  [1m[34mSELECT "recipes".* FROM "recipes"[0m
  ↳ app/views/recipes/index.html.erb:8
  Rendered recipes/index.html.erb within layouts/application (Duration: 4.4ms | Allocations: 1220)
  Rendered layouts/_header.html.erb (Duration: 1.1ms | Allocations: 180)
  Rendered layout layouts/application.html.erb (Duration: 13.3ms | Allocations: 4164)
Completed 200 OK in 19ms (Views: 16.5ms | ActiveRecord: 0.2ms | Allocations: 5354)


Started GET "/" for ::1 at 2022-06-12 20:13:56 +0100
Processing by RecipesController#index as HTML
  Rendering layout layouts/application.html.erb
  Rendering recipes/index.html.erb within layouts/application
  [1m[36mRecipe Load (0.1ms)[0m  [1m[34mSELECT "recipes".* FROM "recipes"[0m
  ↳ app/views/recipes/index.html.erb:8
  Rendered recipes/index.html.erb within layouts/application (Duration: 3.0ms | Allocations: 1217)
  Rendered layouts/_header.html.erb (Duration: 0.7ms | Allocations: 170)
  Rendered layout layouts/application.html.erb (Duration: 11.6ms | Allocations: 4150)
Completed 200 OK in 15ms (Views: 13.8ms | ActiveRecord: 0.1ms | Allocations: 5339)


Started GET "/" for ::1 at 2022-06-12 20:14:45 +0100
Processing by RecipesController#index as HTML
  Rendering layout layouts/application.html.erb
  Rendering recipes/index.html.erb within layouts/application
  [1m[36mRecipe Load (0.1ms)[0m  [1m[34mSELECT "recipes".* FROM "recipes"[0m
  ↳ app/views/recipes/index.html.erb:8
  Rendered recipes/index.html.erb within layouts/application (Duration: 3.1ms | Allocations: 1220)
  Rendered layouts/_header.html.erb (Duration: 0.8ms | Allocations: 150)
  Rendered layout layouts/application.html.erb (Duration: 12.1ms | Allocations: 4133)
Completed 200 OK in 17ms (Views: 14.8ms | ActiveRecord: 0.1ms | Allocations: 5322)


Started GET "/" for ::1 at 2022-06-12 20:15:35 +0100
Processing by RecipesController#index as HTML
  Rendering layout layouts/application.html.erb
  Rendering recipes/index.html.erb within layouts/application
  [1m[36mRecipe Load (0.2ms)[0m  [1m[34mSELECT "recipes".* FROM "recipes"[0m
  ↳ app/views/recipes/index.html.erb:8
  Rendered recipes/index.html.erb within layouts/application (Duration: 3.8ms | Allocations: 1205)
  Rendered layouts/_header.html.erb (Duration: 1.1ms | Allocations: 150)
  Rendered layout layouts/application.html.erb (Duration: 12.0ms | Allocations: 4118)
Completed 200 OK in 16ms (Views: 14.8ms | ActiveRecord: 0.2ms | Allocations: 5307)


Started GET "/" for ::1 at 2022-06-12 20:16:23 +0100
Processing by RecipesController#index as HTML
  Rendering layout layouts/application.html.erb
  Rendering recipes/index.html.erb within layouts/application
  [1m[36mRecipe Load (0.1ms)[0m  [1m[34mSELECT "recipes".* FROM "recipes"[0m
  ↳ app/views/recipes/index.html.erb:8
  Rendered recipes/index.html.erb within layouts/application (Duration: 3.2ms | Allocations: 1208)
  Rendered layouts/_header.html.erb (Duration: 0.6ms | Allocations: 150)
  Rendered layout layouts/application.html.erb (Duration: 9.5ms | Allocations: 4121)
Completed 200 OK in 14ms (Views: 12.8ms | ActiveRecord: 0.1ms | Allocations: 5310)


Started GET "/" for ::1 at 2022-06-12 20:16:32 +0100
Processing by RecipesController#index as HTML
  Rendering layout layouts/application.html.erb
  Rendering recipes/index.html.erb within layouts/application
  [1m[36mRecipe Load (0.1ms)[0m  [1m[34mSELECT "recipes".* FROM "recipes"[0m
  ↳ app/views/recipes/index.html.erb:8
  Rendered recipes/index.html.erb within layouts/application (Duration: 2.9ms | Allocations: 1223)
  Rendered layouts/_header.html.erb (Duration: 0.6ms | Allocations: 149)
  Rendered layout layouts/application.html.erb (Duration: 8.3ms | Allocations: 4135)
Completed 200 OK in 14ms (Views: 11.4ms | ActiveRecord: 0.1ms | Allocations: 5324)


Started GET "/" for ::1 at 2022-06-12 20:17:06 +0100
Processing by RecipesController#index as HTML
  Rendering layout layouts/application.html.erb
  Rendering recipes/index.html.erb within layouts/application
  [1m[36mRecipe Load (0.1ms)[0m  [1m[34mSELECT "recipes".* FROM "recipes"[0m
  ↳ app/views/recipes/index.html.erb:8
  Rendered recipes/index.html.erb within layouts/application (Duration: 2.8ms | Allocations: 1223)
  Rendered layouts/_header.html.erb (Duration: 1.3ms | Allocations: 150)
  Rendered layout layouts/application.html.erb (Duration: 10.3ms | Allocations: 4136)
Completed 200 OK in 14ms (Views: 12.8ms | ActiveRecord: 0.1ms | Allocations: 5325)


Started GET "/" for ::1 at 2022-06-12 20:17:50 +0100
Processing by RecipesController#index as HTML
  Rendering layout layouts/application.html.erb
  Rendering recipes/index.html.erb within layouts/application
  [1m[36mRecipe Load (0.2ms)[0m  [1m[34mSELECT "recipes".* FROM "recipes"[0m
  ↳ app/views/recipes/index.html.erb:8
  Rendered recipes/index.html.erb within layouts/application (Duration: 3.1ms | Allocations: 1214)
  Rendered layouts/_header.html.erb (Duration: 0.9ms | Allocations: 150)
  Rendered layout layouts/application.html.erb (Duration: 9.6ms | Allocations: 4127)
Completed 200 OK in 15ms (Views: 12.6ms | ActiveRecord: 0.2ms | Allocations: 5316)


Started GET "/" for ::1 at 2022-06-12 20:18:37 +0100
Processing by RecipesController#index as HTML
  Rendering layout layouts/application.html.erb
  Rendering recipes/index.html.erb within layouts/application
  [1m[36mRecipe Load (0.2ms)[0m  [1m[34mSELECT "recipes".* FROM "recipes"[0m
  ↳ app/views/recipes/index.html.erb:8
  Rendered recipes/index.html.erb within layouts/application (Duration: 5.5ms | Allocations: 1235)
  Rendered layouts/_header.html.erb (Duration: 0.6ms | Allocations: 150)
  Rendered layout layouts/application.html.erb (Duration: 11.9ms | Allocations: 4148)
Completed 200 OK in 15ms (Views: 13.7ms | ActiveRecord: 0.2ms | Allocations: 5337)


Started GET "/" for ::1 at 2022-06-12 20:18:49 +0100
Processing by RecipesController#index as HTML
  Rendering layout layouts/application.html.erb
  Rendering recipes/index.html.erb within layouts/application
  [1m[36mRecipe Load (0.1ms)[0m  [1m[34mSELECT "recipes".* FROM "recipes"[0m
  ↳ app/views/recipes/index.html.erb:8
  Rendered recipes/index.html.erb within layouts/application (Duration: 2.5ms | Allocations: 1223)
  Rendered layouts/_header.html.erb (Duration: 0.8ms | Allocations: 150)
  Rendered layout layouts/application.html.erb (Duration: 9.2ms | Allocations: 4136)
Completed 200 OK in 12ms (Views: 11.2ms | ActiveRecord: 0.1ms | Allocations: 5325)


Started GET "/" for ::1 at 2022-06-12 20:18:58 +0100
Processing by RecipesController#index as HTML
  Rendering layout layouts/application.html.erb
  Rendering recipes/index.html.erb within layouts/application
  [1m[36mRecipe Load (0.1ms)[0m  [1m[34mSELECT "recipes".* FROM "recipes"[0m
  ↳ app/views/recipes/index.html.erb:8
  Rendered recipes/index.html.erb within layouts/application (Duration: 2.7ms | Allocations: 1214)
  Rendered layouts/_header.html.erb (Duration: 0.8ms | Allocations: 150)
  Rendered layout layouts/application.html.erb (Duration: 9.0ms | Allocations: 4127)
Completed 200 OK in 12ms (Views: 11.0ms | ActiveRecord: 0.1ms | Allocations: 5316)


Started GET "/" for ::1 at 2022-06-12 20:19:06 +0100
Processing by RecipesController#index as HTML
  Rendering layout layouts/application.html.erb
  Rendering recipes/index.html.erb within layouts/application
  [1m[36mRecipe Load (0.2ms)[0m  [1m[34mSELECT "recipes".* FROM "recipes"[0m
  ↳ app/views/recipes/index.html.erb:8
  Rendered recipes/index.html.erb within layouts/application (Duration: 4.2ms | Allocations: 1221)
  Rendered layouts/_header.html.erb (Duration: 0.7ms | Allocations: 150)
  Rendered layout layouts/application.html.erb (Duration: 12.0ms | Allocations: 4135)
Completed 200 OK in 18ms (Views: 16.0ms | ActiveRecord: 0.2ms | Allocations: 5324)


Started GET "/" for ::1 at 2022-06-12 20:19:13 +0100
Processing by RecipesController#index as HTML
  Rendering layout layouts/application.html.erb
  Rendering recipes/index.html.erb within layouts/application
  [1m[36mRecipe Load (0.1ms)[0m  [1m[34mSELECT "recipes".* FROM "recipes"[0m
  ↳ app/views/recipes/index.html.erb:8
  Rendered recipes/index.html.erb within layouts/application (Duration: 3.0ms | Allocations: 1205)
  Rendered layouts/_header.html.erb (Duration: 0.8ms | Allocations: 150)
  Rendered layout layouts/application.html.erb (Duration: 9.4ms | Allocations: 4118)
Completed 200 OK in 13ms (Views: 11.6ms | ActiveRecord: 0.1ms | Allocations: 5307)


Started GET "/" for ::1 at 2022-06-12 20:19:17 +0100
Processing by RecipesController#index as HTML
  Rendering layout layouts/application.html.erb
  Rendering recipes/index.html.erb within layouts/application
  [1m[36mRecipe Load (0.1ms)[0m  [1m[34mSELECT "recipes".* FROM "recipes"[0m
  ↳ app/views/recipes/index.html.erb:8
  Rendered recipes/index.html.erb within layouts/application (Duration: 3.3ms | Allocations: 1223)
  Rendered layouts/_header.html.erb (Duration: 0.7ms | Allocations: 151)
  Rendered layout layouts/application.html.erb (Duration: 14.6ms | Allocations: 4137)
Completed 200 OK in 17ms (Views: 16.2ms | ActiveRecord: 0.1ms | Allocations: 5327)


Started GET "/" for ::1 at 2022-06-12 20:20:12 +0100
Processing by RecipesController#index as HTML
  Rendering layout layouts/application.html.erb
  Rendering recipes/index.html.erb within layouts/application
  [1m[36mRecipe Load (0.2ms)[0m  [1m[34mSELECT "recipes".* FROM "recipes"[0m
  ↳ app/views/recipes/index.html.erb:8
  Rendered recipes/index.html.erb within layouts/application (Duration: 4.0ms | Allocations: 1221)
  Rendered layouts/_header.html.erb (Duration: 0.7ms | Allocations: 151)
  Rendered layout layouts/application.html.erb (Duration: 10.9ms | Allocations: 4150)
Completed 200 OK in 17ms (Views: 15.3ms | ActiveRecord: 0.2ms | Allocations: 5341)


Started GET "/" for ::1 at 2022-06-12 20:20:46 +0100
Processing by RecipesController#index as HTML
  Rendering layout layouts/application.html.erb
  Rendering recipes/index.html.erb within layouts/application
  [1m[36mRecipe Load (0.1ms)[0m  [1m[34mSELECT "recipes".* FROM "recipes"[0m
  ↳ app/views/recipes/index.html.erb:8
  Rendered recipes/index.html.erb within layouts/application (Duration: 3.2ms | Allocations: 1208)
  Rendered layouts/_header.html.erb (Duration: 0.8ms | Allocations: 150)
  Rendered layout layouts/application.html.erb (Duration: 10.1ms | Allocations: 4125)
Completed 200 OK in 14ms (Views: 12.6ms | ActiveRecord: 0.1ms | Allocations: 5314)


Started GET "/" for ::1 at 2022-06-12 20:20:54 +0100
Processing by RecipesController#index as HTML
  Rendering layout layouts/application.html.erb
  Rendering recipes/index.html.erb within layouts/application
  [1m[36mRecipe Load (0.1ms)[0m  [1m[34mSELECT "recipes".* FROM "recipes"[0m
  ↳ app/views/recipes/index.html.erb:8
  Rendered recipes/index.html.erb within layouts/application (Duration: 3.3ms | Allocations: 1211)
  Rendered layouts/_header.html.erb (Duration: 0.6ms | Allocations: 150)
  Rendered layout layouts/application.html.erb (Duration: 15.5ms | Allocations: 4124)
Completed 200 OK in 20ms (Views: 17.9ms | ActiveRecord: 0.1ms | Allocations: 5313)


Started GET "/" for ::1 at 2022-06-12 20:21:11 +0100
Processing by RecipesController#index as HTML
  Rendering layout layouts/application.html.erb
  Rendering recipes/index.html.erb within layouts/application
  [1m[36mRecipe Load (0.2ms)[0m  [1m[34mSELECT "recipes".* FROM "recipes"[0m
  ↳ app/views/recipes/index.html.erb:8
  Rendered recipes/index.html.erb within layouts/application (Duration: 4.0ms | Allocations: 1214)
  Rendered layouts/_header.html.erb (Duration: 0.9ms | Allocations: 150)
  Rendered layout layouts/application.html.erb (Duration: 13.5ms | Allocations: 4136)
Completed 200 OK in 18ms (Views: 16.7ms | ActiveRecord: 0.2ms | Allocations: 5326)


Started GET "/" for ::1 at 2022-06-12 20:21:16 +0100
Processing by RecipesController#index as HTML
  Rendering layout layouts/application.html.erb
  Rendering recipes/index.html.erb within layouts/application
  [1m[36mRecipe Load (0.1ms)[0m  [1m[34mSELECT "recipes".* FROM "recipes"[0m
  ↳ app/views/recipes/index.html.erb:8
  Rendered recipes/index.html.erb within layouts/application (Duration: 4.0ms | Allocations: 1220)
  Rendered layouts/_header.html.erb (Duration: 0.8ms | Allocations: 150)
  Rendered layout layouts/application.html.erb (Duration: 10.5ms | Allocations: 4138)
Completed 200 OK in 15ms (Views: 13.5ms | ActiveRecord: 0.1ms | Allocations: 5327)


Started GET "/" for ::1 at 2022-06-12 20:21:21 +0100
Processing by RecipesController#index as HTML
  Rendering layout layouts/application.html.erb
  Rendering recipes/index.html.erb within layouts/application
  [1m[36mRecipe Load (0.2ms)[0m  [1m[34mSELECT "recipes".* FROM "recipes"[0m
  ↳ app/views/recipes/index.html.erb:8
  Rendered recipes/index.html.erb within layouts/application (Duration: 5.1ms | Allocations: 1220)
  Rendered layouts/_header.html.erb (Duration: 0.8ms | Allocations: 150)
  Rendered layout layouts/application.html.erb (Duration: 12.7ms | Allocations: 4134)
Completed 200 OK in 16ms (Views: 14.7ms | ActiveRecord: 0.2ms | Allocations: 5324)


Started GET "/" for ::1 at 2022-06-12 20:21:57 +0100
Processing by RecipesController#index as HTML
  Rendering layout layouts/application.html.erb
  Rendering recipes/index.html.erb within layouts/application
  [1m[36mRecipe Load (0.1ms)[0m  [1m[34mSELECT "recipes".* FROM "recipes"[0m
  ↳ app/views/recipes/index.html.erb:8
  Rendered recipes/index.html.erb within layouts/application (Duration: 2.9ms | Allocations: 1208)
  Rendered layouts/_header.html.erb (Duration: 1.1ms | Allocations: 150)
  Rendered layout layouts/application.html.erb (Duration: 11.4ms | Allocations: 4121)
Completed 200 OK in 15ms (Views: 13.6ms | ActiveRecord: 0.1ms | Allocations: 5310)


Started GET "/" for ::1 at 2022-06-12 20:22:06 +0100
Processing by RecipesController#index as HTML
  Rendering layout layouts/application.html.erb
  Rendering recipes/index.html.erb within layouts/application
  [1m[36mRecipe Load (0.1ms)[0m  [1m[34mSELECT "recipes".* FROM "recipes"[0m
  ↳ app/views/recipes/index.html.erb:8
  Rendered recipes/index.html.erb within layouts/application (Duration: 2.9ms | Allocations: 1196)
  Rendered layouts/_header.html.erb (Duration: 0.6ms | Allocations: 150)
  Rendered layout layouts/application.html.erb (Duration: 9.5ms | Allocations: 4109)
Completed 200 OK in 14ms (Views: 12.2ms | ActiveRecord: 0.1ms | Allocations: 5298)


Started GET "/" for ::1 at 2022-06-12 20:22:54 +0100
Processing by RecipesController#index as HTML
  Rendering layout layouts/application.html.erb
  Rendering recipes/index.html.erb within layouts/application
  [1m[36mRecipe Load (0.1ms)[0m  [1m[34mSELECT "recipes".* FROM "recipes"[0m
  ↳ app/views/recipes/index.html.erb:8
  Rendered recipes/index.html.erb within layouts/application (Duration: 3.3ms | Allocations: 1199)
  Rendered layouts/_header.html.erb (Duration: 0.7ms | Allocations: 150)
  Rendered layout layouts/application.html.erb (Duration: 8.9ms | Allocations: 4112)
Completed 200 OK in 14ms (Views: 11.9ms | ActiveRecord: 0.1ms | Allocations: 5301)


Started GET "/" for ::1 at 2022-06-12 20:22:58 +0100
Processing by RecipesController#index as HTML
  Rendering layout layouts/application.html.erb
  Rendering recipes/index.html.erb within layouts/application
  [1m[36mRecipe Load (0.2ms)[0m  [1m[34mSELECT "recipes".* FROM "recipes"[0m
  ↳ app/views/recipes/index.html.erb:8
  Rendered recipes/index.html.erb within layouts/application (Duration: 4.4ms | Allocations: 1199)
  Rendered layouts/_header.html.erb (Duration: 1.0ms | Allocations: 149)
  Rendered layout layouts/application.html.erb (Duration: 12.1ms | Allocations: 4111)
Completed 200 OK in 18ms (Views: 15.2ms | ActiveRecord: 0.2ms | Allocations: 5300)


Started GET "/" for ::1 at 2022-06-12 20:23:07 +0100
Processing by RecipesController#index as HTML
  Rendering layout layouts/application.html.erb
  Rendering recipes/index.html.erb within layouts/application
  [1m[36mRecipe Load (0.1ms)[0m  [1m[34mSELECT "recipes".* FROM "recipes"[0m
  ↳ app/views/recipes/index.html.erb:8
  Rendered recipes/index.html.erb within layouts/application (Duration: 3.0ms | Allocations: 1205)
  Rendered layouts/_header.html.erb (Duration: 0.9ms | Allocations: 150)
  Rendered layout layouts/application.html.erb (Duration: 9.7ms | Allocations: 4118)
Completed 200 OK in 14ms (Views: 12.2ms | ActiveRecord: 0.1ms | Allocations: 5307)


Started GET "/" for ::1 at 2022-06-12 20:23:15 +0100
Processing by RecipesController#index as HTML
  Rendering layout layouts/application.html.erb
  Rendering recipes/index.html.erb within layouts/application
  [1m[36mRecipe Load (0.3ms)[0m  [1m[34mSELECT "recipes".* FROM "recipes"[0m
  ↳ app/views/recipes/index.html.erb:8
  Rendered recipes/index.html.erb within layouts/application (Duration: 5.2ms | Allocations: 1214)
  Rendered layouts/_header.html.erb (Duration: 1.1ms | Allocations: 150)
  Rendered layout layouts/application.html.erb (Duration: 14.2ms | Allocations: 4127)
Completed 200 OK in 19ms (Views: 16.9ms | ActiveRecord: 0.3ms | Allocations: 5316)


Started GET "/" for ::1 at 2022-06-12 20:25:27 +0100
Processing by RecipesController#index as HTML
  Rendering layout layouts/application.html.erb
  Rendering recipes/index.html.erb within layouts/application
  [1m[36mRecipe Load (0.1ms)[0m  [1m[34mSELECT "recipes".* FROM "recipes"[0m
  ↳ app/views/recipes/index.html.erb:8
  Rendered recipes/index.html.erb within layouts/application (Duration: 3.1ms | Allocations: 1223)
  Rendered layouts/_header.html.erb (Duration: 0.8ms | Allocations: 149)
  Rendered layout layouts/application.html.erb (Duration: 12.2ms | Allocations: 4141)
Completed 200 OK in 16ms (Views: 14.5ms | ActiveRecord: 0.1ms | Allocations: 5330)


Started GET "/" for ::1 at 2022-06-12 20:25:37 +0100
Processing by RecipesController#index as HTML
  Rendering layout layouts/application.html.erb
  Rendering recipes/index.html.erb within layouts/application
  [1m[36mRecipe Load (0.2ms)[0m  [1m[34mSELECT "recipes".* FROM "recipes"[0m
  ↳ app/views/recipes/index.html.erb:8
  Rendered recipes/index.html.erb within layouts/application (Duration: 3.8ms | Allocations: 1208)
  Rendered layouts/_header.html.erb (Duration: 1.0ms | Allocations: 149)
  Rendered layout layouts/application.html.erb (Duration: 12.4ms | Allocations: 4125)
Completed 200 OK in 18ms (Views: 15.6ms | ActiveRecord: 0.2ms | Allocations: 5314)


Started GET "/" for ::1 at 2022-06-12 20:25:42 +0100
Processing by RecipesController#index as HTML
  Rendering layout layouts/application.html.erb
  Rendering recipes/index.html.erb within layouts/application
  [1m[36mRecipe Load (0.2ms)[0m  [1m[34mSELECT "recipes".* FROM "recipes"[0m
  ↳ app/views/recipes/index.html.erb:8
  Rendered recipes/index.html.erb within layouts/application (Duration: 3.8ms | Allocations: 1238)
  Rendered layouts/_header.html.erb (Duration: 0.8ms | Allocations: 150)
  Rendered layout layouts/application.html.erb (Duration: 14.9ms | Allocations: 4155)
Completed 200 OK in 25ms (Views: 20.9ms | ActiveRecord: 0.2ms | Allocations: 5344)


Started GET "/" for ::1 at 2022-06-12 20:25:56 +0100
Processing by RecipesController#index as HTML
  Rendering layout layouts/application.html.erb
  Rendering recipes/index.html.erb within layouts/application
  [1m[36mRecipe Load (0.1ms)[0m  [1m[34mSELECT "recipes".* FROM "recipes"[0m
  ↳ app/views/recipes/index.html.erb:8
  Rendered recipes/index.html.erb within layouts/application (Duration: 3.3ms | Allocations: 1203)
  Rendered layouts/_header.html.erb (Duration: 0.7ms | Allocations: 150)
  Rendered layout layouts/application.html.erb (Duration: 12.8ms | Allocations: 4120)
Completed 200 OK in 17ms (Views: 14.9ms | ActiveRecord: 0.1ms | Allocations: 5309)


Started GET "/" for ::1 at 2022-06-12 20:26:56 +0100
Processing by RecipesController#index as HTML
  Rendering layout layouts/application.html.erb
  Rendering recipes/index.html.erb within layouts/application
  [1m[36mRecipe Load (0.1ms)[0m  [1m[34mSELECT "recipes".* FROM "recipes"[0m
  ↳ app/views/recipes/index.html.erb:8
  Rendered recipes/index.html.erb within layouts/application (Duration: 2.9ms | Allocations: 1220)
  Rendered layouts/_header.html.erb (Duration: 1.6ms | Allocations: 150)
  Rendered layout layouts/application.html.erb (Duration: 11.5ms | Allocations: 4137)
Completed 200 OK in 15ms (Views: 13.6ms | ActiveRecord: 0.1ms | Allocations: 5326)


Started GET "/" for ::1 at 2022-06-12 20:28:59 +0100
Processing by RecipesController#index as HTML
  Rendering layout layouts/application.html.erb
  Rendering recipes/index.html.erb within layouts/application
  [1m[36mRecipe Load (0.3ms)[0m  [1m[34mSELECT "recipes".* FROM "recipes"[0m
  ↳ app/views/recipes/index.html.erb:8
  Rendered recipes/index.html.erb within layouts/application (Duration: 5.7ms | Allocations: 1196)
  Rendered layouts/_header.html.erb (Duration: 1.1ms | Allocations: 151)
  Rendered layout layouts/application.html.erb (Duration: 14.9ms | Allocations: 4114)
Completed 200 OK in 19ms (Views: 17.2ms | ActiveRecord: 0.3ms | Allocations: 5304)


Started GET "/" for ::1 at 2022-06-12 20:31:57 +0100
Processing by RecipesController#index as HTML
  Rendering layout layouts/application.html.erb
  Rendering recipes/index.html.erb within layouts/application
  [1m[36mRecipe Load (0.3ms)[0m  [1m[34mSELECT "recipes".* FROM "recipes"[0m
  ↳ app/views/recipes/index.html.erb:8
  Rendered recipes/index.html.erb within layouts/application (Duration: 5.6ms | Allocations: 1217)
  Rendered layouts/_header.html.erb (Duration: 1.1ms | Allocations: 151)
  Rendered layout layouts/application.html.erb (Duration: 20.3ms | Allocations: 5564)
Completed 200 OK in 25ms (Views: 23.6ms | ActiveRecord: 0.3ms | Allocations: 6755)


Started GET "/" for ::1 at 2022-06-12 20:32:07 +0100
Processing by RecipesController#index as HTML
  Rendering layout layouts/application.html.erb
  Rendering recipes/index.html.erb within layouts/application
  [1m[36mRecipe Load (0.2ms)[0m  [1m[34mSELECT "recipes".* FROM "recipes"[0m
  ↳ app/views/recipes/index.html.erb:8
  Rendered recipes/index.html.erb within layouts/application (Duration: 4.0ms | Allocations: 772)
  Rendered layouts/_header.html.erb (Duration: 0.1ms | Allocations: 13)
  Rendered layout layouts/application.html.erb (Duration: 14.8ms | Allocations: 4972)
Completed 200 OK in 16ms (Views: 15.5ms | ActiveRecord: 0.2ms | Allocations: 5330)


Started GET "/" for ::1 at 2022-06-12 20:32:23 +0100
Processing by RecipesController#index as HTML
  Rendering layout layouts/application.html.erb
  Rendering recipes/index.html.erb within layouts/application
  [1m[36mRecipe Load (0.2ms)[0m  [1m[34mSELECT "recipes".* FROM "recipes"[0m
  ↳ app/views/recipes/index.html.erb:8
  Rendered recipes/index.html.erb within layouts/application (Duration: 5.2ms | Allocations: 1217)
  Rendered layouts/_header.html.erb (Duration: 0.6ms | Allocations: 150)
  Rendered layout layouts/application.html.erb (Duration: 16.4ms | Allocations: 5552)
Completed 200 OK in 21ms (Views: 19.5ms | ActiveRecord: 0.2ms | Allocations: 6721)


Started GET "/" for ::1 at 2022-06-12 20:32:33 +0100
Processing by RecipesController#index as HTML
  Rendering layout layouts/application.html.erb
  Rendering recipes/index.html.erb within layouts/application
  [1m[36mRecipe Load (0.1ms)[0m  [1m[34mSELECT "recipes".* FROM "recipes"[0m
  ↳ app/views/recipes/index.html.erb:8
  Rendered recipes/index.html.erb within layouts/application (Duration: 3.7ms | Allocations: 1232)
  Rendered layouts/_header.html.erb (Duration: 0.6ms | Allocations: 150)
  Rendered layout layouts/application.html.erb (Duration: 11.2ms | Allocations: 4156)
Completed 200 OK in 15ms (Views: 14.0ms | ActiveRecord: 0.1ms | Allocations: 5345)


Started GET "/" for ::1 at 2022-06-12 20:33:12 +0100
Processing by RecipesController#index as HTML
  Rendering layout layouts/application.html.erb
  Rendering recipes/index.html.erb within layouts/application
  [1m[36mRecipe Load (0.2ms)[0m  [1m[34mSELECT "recipes".* FROM "recipes"[0m
  ↳ app/views/recipes/index.html.erb:8
  Rendered recipes/index.html.erb within layouts/application (Duration: 5.0ms | Allocations: 1205)
  Rendered layouts/_header.html.erb (Duration: 1.0ms | Allocations: 150)
  Rendered layout layouts/application.html.erb (Duration: 24.2ms | Allocations: 5538)
Completed 200 OK in 36ms (Views: 34.0ms | ActiveRecord: 0.2ms | Allocations: 6727)


Started GET "/" for ::1 at 2022-06-12 20:35:35 +0100
Processing by RecipesController#index as HTML
  Rendering layout layouts/application.html.erb
  Rendering recipes/index.html.erb within layouts/application
  [1m[36mRecipe Load (0.1ms)[0m  [1m[34mSELECT "recipes".* FROM "recipes"[0m
  ↳ app/views/recipes/index.html.erb:8
  Rendered recipes/index.html.erb within layouts/application (Duration: 1.9ms | Allocations: 763)
  Rendered layouts/_header.html.erb (Duration: 0.1ms | Allocations: 13)
  Rendered layout layouts/application.html.erb (Duration: 10.4ms | Allocations: 4952)
Completed 200 OK in 12ms (Views: 11.3ms | ActiveRecord: 0.1ms | Allocations: 5310)


Started GET "/" for ::1 at 2022-06-12 20:35:59 +0100
Processing by RecipesController#index as HTML
  Rendering layout layouts/application.html.erb
  Rendering recipes/index.html.erb within layouts/application
  [1m[36mRecipe Load (0.1ms)[0m  [1m[34mSELECT "recipes".* FROM "recipes"[0m
  ↳ app/views/recipes/index.html.erb:8
  Rendered recipes/index.html.erb within layouts/application (Duration: 1.6ms | Allocations: 763)
  Rendered layouts/_header.html.erb (Duration: 0.1ms | Allocations: 13)
  Rendered layout layouts/application.html.erb (Duration: 11.2ms | Allocations: 4374)
Completed 200 OK in 12ms (Views: 11.7ms | ActiveRecord: 0.1ms | Allocations: 4711)


Started GET "/" for ::1 at 2022-06-12 20:36:50 +0100
Processing by RecipesController#index as HTML
  Rendering layout layouts/application.html.erb
  Rendering recipes/index.html.erb within layouts/application
  [1m[36mRecipe Load (0.1ms)[0m  [1m[34mSELECT "recipes".* FROM "recipes"[0m
  ↳ app/views/recipes/index.html.erb:8
  Rendered recipes/index.html.erb within layouts/application (Duration: 1.8ms | Allocations: 766)
  Rendered layouts/_header.html.erb (Duration: 0.1ms | Allocations: 13)
  Rendered layout layouts/application.html.erb (Duration: 12.4ms | Allocations: 4381)
Completed 200 OK in 14ms (Views: 12.9ms | ActiveRecord: 0.1ms | Allocations: 4718)


Started GET "/" for ::1 at 2022-06-12 20:37:04 +0100
Processing by RecipesController#index as HTML
  Rendering layout layouts/application.html.erb
  Rendering recipes/index.html.erb within layouts/application
  [1m[36mRecipe Load (0.1ms)[0m  [1m[34mSELECT "recipes".* FROM "recipes"[0m
  ↳ app/views/recipes/index.html.erb:8
  Rendered recipes/index.html.erb within layouts/application (Duration: 2.2ms | Allocations: 763)
  Rendered layouts/_header.html.erb (Duration: 0.1ms | Allocations: 13)
  Rendered layout layouts/application.html.erb (Duration: 13.3ms | Allocations: 4965)
Completed 200 OK in 15ms (Views: 14.1ms | ActiveRecord: 0.1ms | Allocations: 5302)


Started GET "/" for ::1 at 2022-06-12 20:38:29 +0100
Processing by RecipesController#index as HTML
  Rendering layout layouts/application.html.erb
  Rendering recipes/index.html.erb within layouts/application
  [1m[36mRecipe Load (0.1ms)[0m  [1m[34mSELECT "recipes".* FROM "recipes"[0m
  ↳ app/views/recipes/index.html.erb:8
  Rendered recipes/index.html.erb within layouts/application (Duration: 1.7ms | Allocations: 754)
  Rendered layouts/_header.html.erb (Duration: 0.1ms | Allocations: 13)
  Rendered layout layouts/application.html.erb (Duration: 12.3ms | Allocations: 4369)
Completed 200 OK in 14ms (Views: 13.3ms | ActiveRecord: 0.1ms | Allocations: 4706)


Started GET "/" for ::1 at 2022-06-12 20:47:18 +0100
Processing by RecipesController#index as HTML
  Rendering layout layouts/application.html.erb
  Rendering recipes/index.html.erb within layouts/application
  [1m[35m (0.1ms)[0m  [1m[34mSELECT sqlite_version(*)[0m
  ↳ app/views/recipes/index.html.erb:8
  [1m[36mRecipe Load (0.2ms)[0m  [1m[34mSELECT "recipes".* FROM "recipes"[0m
  ↳ app/views/recipes/index.html.erb:8
  Rendered recipes/index.html.erb within layouts/application (Duration: 7.3ms | Allocations: 1895)
  Rendered layouts/_header.html.erb (Duration: 0.7ms | Allocations: 150)
  Rendered layout layouts/application.html.erb (Duration: 15.4ms | Allocations: 4817)
Completed 200 OK in 20ms (Views: 18.6ms | ActiveRecord: 0.7ms | Allocations: 5982)


  
ActionController::RoutingError (No route matches [GET] "/assets/images/Logo%20-%20transparent.png"):
  
  
ActionController::RoutingError (No route matches [GET] "/assets/images/Logo%20-%20transparent.png"):
  
  
ActionController::RoutingError (No route matches [GET] "/assets/images/Logo%20-%20transparent.png"):
  
Started GET "/" for ::1 at 2022-06-12 20:47:31 +0100
Processing by RecipesController#index as HTML
  Rendering layout layouts/application.html.erb
  Rendering recipes/index.html.erb within layouts/application
  [1m[36mRecipe Load (0.3ms)[0m  [1m[34mSELECT "recipes".* FROM "recipes"[0m
  ↳ app/views/recipes/index.html.erb:8
  Rendered recipes/index.html.erb within layouts/application (Duration: 5.9ms | Allocations: 1209)
  Rendered layouts/_header.html.erb (Duration: 0.7ms | Allocations: 150)
  Rendered layout layouts/application.html.erb (Duration: 15.3ms | Allocations: 4146)
Completed 200 OK in 20ms (Views: 18.1ms | ActiveRecord: 0.3ms | Allocations: 5330)


  
ActionController::RoutingError (No route matches [GET] "/assets/images/Logo-transparent.png"):
  
Started GET "/" for ::1 at 2022-06-12 20:47:43 +0100
Processing by RecipesController#index as HTML
  Rendering layout layouts/application.html.erb
  Rendering recipes/index.html.erb within layouts/application
  [1m[36mRecipe Load (0.1ms)[0m  [1m[34mSELECT "recipes".* FROM "recipes"[0m
  ↳ app/views/recipes/index.html.erb:8
  Rendered recipes/index.html.erb within layouts/application (Duration: 2.8ms | Allocations: 1211)
  Rendered layouts/_header.html.erb (Duration: 1.2ms | Allocations: 150)
  Rendered layout layouts/application.html.erb (Duration: 13.3ms | Allocations: 4133)
Completed 200 OK in 18ms (Views: 16.4ms | ActiveRecord: 0.1ms | Allocations: 5316)


Started GET "/app/assets/images/Logo-transparent.png" for ::1 at 2022-06-12 20:47:44 +0100
  
ActionController::RoutingError (No route matches [GET] "/app/assets/images/Logo-transparent.png"):
  
Started GET "/" for ::1 at 2022-06-12 20:47:59 +0100
Processing by RecipesController#index as HTML
  Rendering layout layouts/application.html.erb
  Rendering recipes/index.html.erb within layouts/application
  [1m[36mRecipe Load (0.1ms)[0m  [1m[34mSELECT "recipes".* FROM "recipes"[0m
  ↳ app/views/recipes/index.html.erb:8
  Rendered recipes/index.html.erb within layouts/application (Duration: 3.5ms | Allocations: 1212)
  Rendered layouts/_header.html.erb (Duration: 0.5ms | Allocations: 150)
  Rendered layout layouts/application.html.erb (Duration: 9.6ms | Allocations: 4149)
Completed 200 OK in 14ms (Views: 12.1ms | ActiveRecord: 0.1ms | Allocations: 5333)


Started GET "/images/Logo-transparent.png" for ::1 at 2022-06-12 20:48:00 +0100
  
ActionController::RoutingError (No route matches [GET] "/images/Logo-transparent.png"):
  
Started GET "/" for ::1 at 2022-06-12 20:48:03 +0100
Processing by RecipesController#index as HTML
  Rendering layout layouts/application.html.erb
  Rendering recipes/index.html.erb within layouts/application
  [1m[36mRecipe Load (0.2ms)[0m  [1m[34mSELECT "recipes".* FROM "recipes"[0m
  ↳ app/views/recipes/index.html.erb:8
  Rendered recipes/index.html.erb within layouts/application (Duration: 3.6ms | Allocations: 1205)
  Rendered layouts/_header.html.erb (Duration: 0.7ms | Allocations: 150)
  Rendered layout layouts/application.html.erb (Duration: 13.3ms | Allocations: 4127)
Completed 200 OK in 17ms (Views: 15.4ms | ActiveRecord: 0.2ms | Allocations: 5310)


Started GET "/images/Logo-transparent.png" for ::1 at 2022-06-12 20:48:04 +0100
  
ActionController::RoutingError (No route matches [GET] "/images/Logo-transparent.png"):
  
Started GET "/" for ::1 at 2022-06-12 20:48:10 +0100
Processing by RecipesController#index as HTML
  Rendering layout layouts/application.html.erb
  Rendering recipes/index.html.erb within layouts/application
  [1m[36mRecipe Load (0.2ms)[0m  [1m[34mSELECT "recipes".* FROM "recipes"[0m
  ↳ app/views/recipes/index.html.erb:8
  Rendered recipes/index.html.erb within layouts/application (Duration: 3.8ms | Allocations: 1224)
  Rendered layouts/_header.html.erb (Duration: 1.0ms | Allocations: 150)
  Rendered layout layouts/application.html.erb (Duration: 12.9ms | Allocations: 4161)
Completed 200 OK in 21ms (Views: 19.0ms | ActiveRecord: 0.2ms | Allocations: 5345)


Started GET "/images/Logo-transparent.png" for ::1 at 2022-06-12 20:48:10 +0100
  
ActionController::RoutingError (No route matches [GET] "/images/Logo-transparent.png"):
  
Started GET "/" for ::1 at 2022-06-12 20:48:24 +0100
Processing by RecipesController#index as HTML
  Rendering layout layouts/application.html.erb
  Rendering recipes/index.html.erb within layouts/application
  [1m[36mRecipe Load (0.1ms)[0m  [1m[34mSELECT "recipes".* FROM "recipes"[0m
  ↳ app/views/recipes/index.html.erb:8
  Rendered recipes/index.html.erb within layouts/application (Duration: 3.2ms | Allocations: 1199)
  Rendered layouts/_header.html.erb (Duration: 1.1ms | Allocations: 150)
  Rendered layout layouts/application.html.erb (Duration: 10.6ms | Allocations: 4130)
Completed 200 OK in 14ms (Views: 13.1ms | ActiveRecord: 0.1ms | Allocations: 5313)


  
ActionController::RoutingError (No route matches [GET] "/assets/images/Logo-transparent.png"):
  
Started GET "/" for ::1 at 2022-06-12 20:48:41 +0100
Processing by RecipesController#index as HTML
  Rendering layout layouts/application.html.erb
  Rendering recipes/index.html.erb within layouts/application
  [1m[36mRecipe Load (0.2ms)[0m  [1m[34mSELECT "recipes".* FROM "recipes"[0m
  ↳ app/views/recipes/index.html.erb:8
  Rendered recipes/index.html.erb within layouts/application (Duration: 3.3ms | Allocations: 1218)
  Rendered layouts/_header.html.erb (Duration: 0.9ms | Allocations: 150)
  Rendered layout layouts/application.html.erb (Duration: 12.6ms | Allocations: 4155)
Completed 200 OK in 17ms (Views: 15.3ms | ActiveRecord: 0.2ms | Allocations: 5339)


  
ActionController::RoutingError (No route matches [GET] "/assets/images/Logo-transparent.png"):
  
Started GET "/" for ::1 at 2022-06-12 20:49:57 +0100
Processing by RecipesController#index as HTML
  Rendering layout layouts/application.html.erb
  Rendering recipes/index.html.erb within layouts/application
  [1m[36mRecipe Load (0.2ms)[0m  [1m[34mSELECT "recipes".* FROM "recipes"[0m
  ↳ app/views/recipes/index.html.erb:8
  Rendered recipes/index.html.erb within layouts/application (Duration: 7.4ms | Allocations: 1213)
  Rendered layouts/_header.html.erb (Duration: 0.6ms | Allocations: 151)
  Rendered layout layouts/application.html.erb (Duration: 17.0ms | Allocations: 4151)
Completed 200 OK in 20ms (Views: 19.2ms | ActiveRecord: 0.2ms | Allocations: 5336)


  
ActionController::RoutingError (No route matches [GET] "/assets/images/Logo%20-%20transparent.png"):
  
Started GET "/" for ::1 at 2022-06-12 20:50:04 +0100
Processing by RecipesController#index as HTML
  Rendering layout layouts/application.html.erb
  Rendering recipes/index.html.erb within layouts/application
  [1m[36mRecipe Load (0.1ms)[0m  [1m[34mSELECT "recipes".* FROM "recipes"[0m
  ↳ app/views/recipes/index.html.erb:8
  Rendered recipes/index.html.erb within layouts/application (Duration: 3.8ms | Allocations: 1217)
  Rendered layouts/_header.html.erb (Duration: 0.5ms | Allocations: 149)
  Rendered layout layouts/application.html.erb (Duration: 9.8ms | Allocations: 4153)
Completed 200 OK in 17ms (Views: 15.4ms | ActiveRecord: 0.1ms | Allocations: 5337)


  
ActionController::RoutingError (No route matches [GET] "/assets/images/Logo%20-%20transparent.png"):
  
Started GET "/" for ::1 at 2022-06-12 20:50:10 +0100
Processing by RecipesController#index as HTML
  Rendering layout layouts/application.html.erb
  Rendering recipes/index.html.erb within layouts/application
  [1m[36mRecipe Load (0.2ms)[0m  [1m[34mSELECT "recipes".* FROM "recipes"[0m
  ↳ app/views/recipes/index.html.erb:8
  Rendered recipes/index.html.erb within layouts/application (Duration: 4.1ms | Allocations: 1222)
  Rendered layouts/_header.html.erb (Duration: 0.7ms | Allocations: 150)
  Rendered layout layouts/application.html.erb (Duration: 13.4ms | Allocations: 4159)
Completed 200 OK in 18ms (Views: 16.4ms | ActiveRecord: 0.2ms | Allocations: 5343)


Started GET "/app/assets/images/Logo%20-%20transparent.png" for ::1 at 2022-06-12 20:50:10 +0100
  
ActionController::RoutingError (No route matches [GET] "/app/assets/images/Logo%20-%20transparent.png"):
  
Started GET "/" for ::1 at 2022-06-12 20:50:16 +0100
Processing by RecipesController#index as HTML
  Rendering layout layouts/application.html.erb
  Rendering recipes/index.html.erb within layouts/application
  [1m[36mRecipe Load (0.2ms)[0m  [1m[34mSELECT "recipes".* FROM "recipes"[0m
  ↳ app/views/recipes/index.html.erb:8
  Rendered recipes/index.html.erb within layouts/application (Duration: 3.7ms | Allocations: 1211)
  Rendered layouts/_header.html.erb (Duration: 1.2ms | Allocations: 151)
  Rendered layout layouts/application.html.erb (Duration: 11.4ms | Allocations: 4149)
Completed 200 OK in 16ms (Views: 13.7ms | ActiveRecord: 0.2ms | Allocations: 5334)


Started GET "/images/Logo%20-%20transparent.png" for ::1 at 2022-06-12 20:50:16 +0100
  
ActionController::RoutingError (No route matches [GET] "/images/Logo%20-%20transparent.png"):
  
Started GET "/" for ::1 at 2022-06-12 20:50:25 +0100
Processing by RecipesController#index as HTML
  Rendering layout layouts/application.html.erb
  Rendering recipes/index.html.erb within layouts/application
  [1m[36mRecipe Load (0.3ms)[0m  [1m[34mSELECT "recipes".* FROM "recipes"[0m
  ↳ app/views/recipes/index.html.erb:8
  Rendered recipes/index.html.erb within layouts/application (Duration: 4.2ms | Allocations: 1199)
  Rendered layouts/_header.html.erb (Duration: 0.7ms | Allocations: 150)
  Rendered layout layouts/application.html.erb (Duration: 10.6ms | Allocations: 4136)
Completed 200 OK in 15ms (Views: 13.1ms | ActiveRecord: 0.3ms | Allocations: 5320)


Started GET "/images/Logo%20-%20transparent.png" for ::1 at 2022-06-12 20:50:25 +0100
  
ActionController::RoutingError (No route matches [GET] "/images/Logo%20-%20transparent.png"):
  
Started GET "/" for ::1 at 2022-06-12 20:50:30 +0100
Processing by RecipesController#index as HTML
  Rendering layout layouts/application.html.erb
  Rendering recipes/index.html.erb within layouts/application
  [1m[36mRecipe Load (0.1ms)[0m  [1m[34mSELECT "recipes".* FROM "recipes"[0m
  ↳ app/views/recipes/index.html.erb:8
  Rendered recipes/index.html.erb within layouts/application (Duration: 3.6ms | Allocations: 1221)
  Rendered layouts/_header.html.erb (Duration: 0.9ms | Allocations: 151)
  Rendered layout layouts/application.html.erb (Duration: 12.6ms | Allocations: 4159)
Completed 200 OK in 19ms (Views: 17.0ms | ActiveRecord: 0.1ms | Allocations: 5343)


Started GET "/images/Logo%20-%20transparent.png" for ::1 at 2022-06-12 20:50:30 +0100
  
ActionController::RoutingError (No route matches [GET] "/images/Logo%20-%20transparent.png"):
  
Started GET "/" for ::1 at 2022-06-12 20:50:44 +0100
Processing by RecipesController#index as HTML
  Rendering layout layouts/application.html.erb
  Rendering recipes/index.html.erb within layouts/application
  [1m[36mRecipe Load (0.1ms)[0m  [1m[34mSELECT "recipes".* FROM "recipes"[0m
  ↳ app/views/recipes/index.html.erb:8
  Rendered recipes/index.html.erb within layouts/application (Duration: 3.4ms | Allocations: 1202)
  Rendered layouts/_header.html.erb (Duration: 0.7ms | Allocations: 150)
  Rendered layout layouts/application.html.erb (Duration: 21.4ms | Allocations: 7209)
Completed 200 OK in 25ms (Views: 23.6ms | ActiveRecord: 0.1ms | Allocations: 8393)


Started GET "/Logo%20-%20transparent.png" for ::1 at 2022-06-12 20:50:45 +0100
  
ActionController::RoutingError (No route matches [GET] "/Logo%20-%20transparent.png"):
  
Started GET "/" for ::1 at 2022-06-12 20:50:52 +0100
Processing by RecipesController#index as HTML
  Rendering layout layouts/application.html.erb
  Rendering recipes/index.html.erb within layouts/application
  [1m[36mRecipe Load (0.2ms)[0m  [1m[34mSELECT "recipes".* FROM "recipes"[0m
  ↳ app/views/recipes/index.html.erb:8
  Rendered recipes/index.html.erb within layouts/application (Duration: 3.4ms | Allocations: 1203)
  Rendered layouts/_header.html.erb (Duration: 0.8ms | Allocations: 151)
  Rendered layout layouts/application.html.erb (Duration: 13.0ms | Allocations: 4160)
Completed 200 OK in 18ms (Views: 15.9ms | ActiveRecord: 0.2ms | Allocations: 5345)


Started GET "/Logo%20-%20transparent.png" for ::1 at 2022-06-12 20:50:52 +0100
  
ActionController::RoutingError (No route matches [GET] "/Logo%20-%20transparent.png"):
  
Started GET "/" for ::1 at 2022-06-12 20:50:53 +0100
Processing by RecipesController#index as HTML
  Rendering layout layouts/application.html.erb
  Rendering recipes/index.html.erb within layouts/application
  [1m[36mRecipe Load (0.1ms)[0m  [1m[34mSELECT "recipes".* FROM "recipes"[0m
  ↳ app/views/recipes/index.html.erb:8
  Rendered recipes/index.html.erb within layouts/application (Duration: 2.2ms | Allocations: 757)
  Rendered layouts/_header.html.erb (Duration: 0.1ms | Allocations: 13)
  Rendered layout layouts/application.html.erb (Duration: 7.4ms | Allocations: 3072)
Completed 200 OK in 9ms (Views: 8.1ms | ActiveRecord: 0.1ms | Allocations: 3431)


Started GET "/Logo%20-%20transparent.png" for ::1 at 2022-06-12 20:50:53 +0100
  
ActionController::RoutingError (No route matches [GET] "/Logo%20-%20transparent.png"):
  
Started GET "/" for ::1 at 2022-06-12 20:50:57 +0100
Processing by RecipesController#index as HTML
  Rendering layout layouts/application.html.erb
  Rendering recipes/index.html.erb within layouts/application
  [1m[36mRecipe Load (0.2ms)[0m  [1m[34mSELECT "recipes".* FROM "recipes"[0m
  ↳ app/views/recipes/index.html.erb:8
  Rendered recipes/index.html.erb within layouts/application (Duration: 10.6ms | Allocations: 1230)
  Rendered layouts/_header.html.erb (Duration: 0.7ms | Allocations: 151)
  Rendered layout layouts/application.html.erb (Duration: 17.3ms | Allocations: 4179)
Completed 200 OK in 20ms (Views: 19.1ms | ActiveRecord: 0.2ms | Allocations: 5343)


Started GET "/Logo%20-%20transparent.png" for ::1 at 2022-06-12 20:50:57 +0100
  
ActionController::RoutingError (No route matches [GET] "/Logo%20-%20transparent.png"):
  
Started GET "/" for ::1 at 2022-06-12 20:51:29 +0100
Processing by RecipesController#index as HTML
  Rendering layout layouts/application.html.erb
  Rendering recipes/index.html.erb within layouts/application
  [1m[36mRecipe Load (0.1ms)[0m  [1m[34mSELECT "recipes".* FROM "recipes"[0m
  ↳ app/views/recipes/index.html.erb:8
  Rendered recipes/index.html.erb within layouts/application (Duration: 3.4ms | Allocations: 1205)
  Rendered layouts/_header.html.erb (Duration: 1.0ms | Allocations: 150)
  Rendered layout layouts/application.html.erb (Duration: 16.6ms | Allocations: 7292)
Completed 200 OK in 21ms (Views: 18.9ms | ActiveRecord: 0.1ms | Allocations: 8476)


Started GET "/Logo.png" for ::1 at 2022-06-12 20:51:29 +0100
  
ActionController::RoutingError (No route matches [GET] "/Logo.png"):
  
Started GET "/" for ::1 at 2022-06-12 20:51:45 +0100
Processing by RecipesController#index as HTML
  Rendering layout layouts/application.html.erb
  Rendering recipes/index.html.erb within layouts/application
  [1m[36mRecipe Load (0.2ms)[0m  [1m[34mSELECT "recipes".* FROM "recipes"[0m
  ↳ app/views/recipes/index.html.erb:8
  Rendered recipes/index.html.erb within layouts/application (Duration: 3.9ms | Allocations: 778)
  Rendered layouts/_header.html.erb (Duration: 0.1ms | Allocations: 13)
  Rendered layout layouts/application.html.erb (Duration: 13.7ms | Allocations: 3106)
Completed 200 OK in 16ms (Views: 14.7ms | ActiveRecord: 0.2ms | Allocations: 3465)


Started GET "/Logo.png" for ::1 at 2022-06-12 20:51:45 +0100
  
ActionController::RoutingError (No route matches [GET] "/Logo.png"):
  
Started GET "/" for ::1 at 2022-06-12 20:53:07 +0100
Processing by RecipesController#index as HTML
  Rendering layout layouts/application.html.erb
  Rendering recipes/index.html.erb within layouts/application
  [1m[36mRecipe Load (0.1ms)[0m  [1m[34mSELECT "recipes".* FROM "recipes"[0m
  ↳ app/views/recipes/index.html.erb:8
  Rendered recipes/index.html.erb within layouts/application (Duration: 2.9ms | Allocations: 1200)
  Rendered layouts/_header.html.erb (Duration: 0.9ms | Allocations: 150)
  Rendered layout layouts/application.html.erb (Duration: 11.7ms | Allocations: 4147)
Completed 200 OK in 16ms (Views: 14.4ms | ActiveRecord: 0.1ms | Allocations: 5310)


Started GET "/" for ::1 at 2022-06-12 20:53:24 +0100
Processing by RecipesController#index as HTML
  Rendering layout layouts/application.html.erb
  Rendering recipes/index.html.erb within layouts/application
  [1m[36mRecipe Load (0.1ms)[0m  [1m[34mSELECT "recipes".* FROM "recipes"[0m
  ↳ app/views/recipes/index.html.erb:8
  Rendered recipes/index.html.erb within layouts/application (Duration: 3.3ms | Allocations: 1227)
  Rendered layouts/_header.html.erb (Duration: 1.3ms | Allocations: 150)
  Rendered layout layouts/application.html.erb (Duration: 12.2ms | Allocations: 4174)
Completed 200 OK in 16ms (Views: 15.0ms | ActiveRecord: 0.1ms | Allocations: 5365)


Started GET "/Logo.png" for ::1 at 2022-06-12 20:53:24 +0100
  
ActionController::RoutingError (No route matches [GET] "/Logo.png"):
  
Started GET "/" for ::1 at 2022-06-12 20:53:31 +0100
Processing by RecipesController#index as HTML
  Rendering layout layouts/application.html.erb
  Rendering recipes/index.html.erb within layouts/application
  [1m[36mRecipe Load (0.1ms)[0m  [1m[34mSELECT "recipes".* FROM "recipes"[0m
  ↳ app/views/recipes/index.html.erb:8
  Rendered recipes/index.html.erb within layouts/application (Duration: 3.4ms | Allocations: 1218)
  Rendered layouts/_header.html.erb (Duration: 1.4ms | Allocations: 150)
  Rendered layout layouts/application.html.erb (Duration: 10.5ms | Allocations: 4165)
Completed 200 OK in 15ms (Views: 13.3ms | ActiveRecord: 0.1ms | Allocations: 5350)


Started GET "/Logo.png" for ::1 at 2022-06-12 20:53:32 +0100
  
ActionController::RoutingError (No route matches [GET] "/Logo.png"):
  
Started GET "/" for ::1 at 2022-06-12 20:54:02 +0100
Processing by RecipesController#index as HTML
  Rendering layout layouts/application.html.erb
  Rendering recipes/index.html.erb within layouts/application
  [1m[36mRecipe Load (0.2ms)[0m  [1m[34mSELECT "recipes".* FROM "recipes"[0m
  ↳ app/views/recipes/index.html.erb:8
  Rendered recipes/index.html.erb within layouts/application (Duration: 3.9ms | Allocations: 1215)
  Rendered layouts/_header.html.erb (Duration: 0.7ms | Allocations: 150)
  Rendered layout layouts/application.html.erb (Duration: 10.4ms | Allocations: 4162)
Completed 200 OK in 15ms (Views: 13.5ms | ActiveRecord: 0.2ms | Allocations: 5347)


Started GET "/images/Logo.png" for ::1 at 2022-06-12 20:54:02 +0100
  
ActionController::RoutingError (No route matches [GET] "/images/Logo.png"):
  
Started GET "/" for ::1 at 2022-06-12 20:54:26 +0100
Processing by RecipesController#index as HTML
  Rendering layout layouts/application.html.erb
  Rendering recipes/index.html.erb within layouts/application
  [1m[36mRecipe Load (0.3ms)[0m  [1m[34mSELECT "recipes".* FROM "recipes"[0m
  ↳ app/views/recipes/index.html.erb:8
  Rendered recipes/index.html.erb within layouts/application (Duration: 5.6ms | Allocations: 1215)
  Rendered layouts/_header.html.erb (Duration: 0.7ms | Allocations: 149)
  Rendered layout layouts/application.html.erb (Duration: 14.5ms | Allocations: 4161)
Completed 200 OK in 19ms (Views: 17.2ms | ActiveRecord: 0.3ms | Allocations: 5346)


Started GET "/Logo.png" for ::1 at 2022-06-12 20:54:27 +0100
  
ActionController::RoutingError (No route matches [GET] "/Logo.png"):
  
Started GET "/" for ::1 at 2022-06-12 20:56:53 +0100
Processing by RecipesController#index as HTML
  Rendering layout layouts/application.html.erb
  Rendering recipes/index.html.erb within layouts/application
  [1m[36mRecipe Load (0.1ms)[0m  [1m[34mSELECT "recipes".* FROM "recipes"[0m
  ↳ app/views/recipes/index.html.erb:8
  Rendered recipes/index.html.erb within layouts/application (Duration: 3.9ms | Allocations: 1217)
  Rendered layouts/_header.html.erb (Duration: 1.2ms | Allocations: 149)
  Rendered layout layouts/application.html.erb (Duration: 11.9ms | Allocations: 4163)
Completed 200 OK in 16ms (Views: 14.2ms | ActiveRecord: 0.1ms | Allocations: 5348)


Started GET "/images/Logo.png" for ::1 at 2022-06-12 20:56:53 +0100
  
ActionController::RoutingError (No route matches [GET] "/images/Logo.png"):
  
Started GET "/" for ::1 at 2022-06-12 20:58:09 +0100
Processing by RecipesController#index as HTML
  Rendering layout layouts/application.html.erb
  Rendering recipes/index.html.erb within layouts/application
  [1m[36mRecipe Load (0.3ms)[0m  [1m[34mSELECT "recipes".* FROM "recipes"[0m
  ↳ app/views/recipes/index.html.erb:8
  Rendered recipes/index.html.erb within layouts/application (Duration: 4.9ms | Allocations: 1209)
  Rendered layouts/_header.html.erb (Duration: 0.8ms | Allocations: 150)
  Rendered layout layouts/application.html.erb (Duration: 12.3ms | Allocations: 4162)
Completed 200 OK in 17ms (Views: 15.4ms | ActiveRecord: 0.3ms | Allocations: 5347)


Started GET "/images/logo1.png" for ::1 at 2022-06-12 20:58:09 +0100
  
ActionController::RoutingError (No route matches [GET] "/images/logo1.png"):
  
Started GET "/" for ::1 at 2022-06-12 20:58:41 +0100
Processing by RecipesController#index as HTML
  Rendering layout layouts/application.html.erb
  Rendering recipes/index.html.erb within layouts/application
  [1m[36mRecipe Load (0.3ms)[0m  [1m[34mSELECT "recipes".* FROM "recipes"[0m
  ↳ app/views/recipes/index.html.erb:8
  Rendered recipes/index.html.erb within layouts/application (Duration: 4.0ms | Allocations: 1214)
  Rendered layouts/_header.html.erb (Duration: 0.7ms | Allocations: 149)
  Rendered layout layouts/application.html.erb (Duration: 11.0ms | Allocations: 4210)
Completed 200 OK in 17ms (Views: 15.0ms | ActiveRecord: 0.3ms | Allocations: 5394)


Started GET "/images/logo1.png" for ::1 at 2022-06-12 20:58:41 +0100
  
ActionController::RoutingError (No route matches [GET] "/images/logo1.png"):
  
Started GET "/" for ::1 at 2022-06-12 20:59:45 +0100
Processing by RecipesController#index as HTML
  Rendering layout layouts/application.html.erb
  Rendering recipes/index.html.erb within layouts/application
  [1m[36mRecipe Load (0.1ms)[0m  [1m[34mSELECT "recipes".* FROM "recipes"[0m
  ↳ app/views/recipes/index.html.erb:8
  Rendered recipes/index.html.erb within layouts/application (Duration: 3.6ms | Allocations: 1221)
  Rendered layouts/_header.html.erb (Duration: 0.7ms | Allocations: 150)
  Rendered layout layouts/application.html.erb (Duration: 10.4ms | Allocations: 4168)
Completed 200 OK in 15ms (Views: 13.5ms | ActiveRecord: 0.1ms | Allocations: 5352)


Started GET "/images/logo1.png" for ::1 at 2022-06-12 20:59:45 +0100
  
ActionController::RoutingError (No route matches [GET] "/images/logo1.png"):
  
Started GET "/" for ::1 at 2022-06-12 20:59:49 +0100
Processing by RecipesController#index as HTML
  Rendering layout layouts/application.html.erb
  Rendering recipes/index.html.erb within layouts/application
  [1m[36mRecipe Load (0.1ms)[0m  [1m[34mSELECT "recipes".* FROM "recipes"[0m
  ↳ app/views/recipes/index.html.erb:8
  Rendered recipes/index.html.erb within layouts/application (Duration: 2.8ms | Allocations: 1233)
  Rendered layouts/_header.html.erb (Duration: 1.3ms | Allocations: 151)
  Rendered layout layouts/application.html.erb (Duration: 11.6ms | Allocations: 4181)
Completed 200 OK in 22ms (Views: 20.1ms | ActiveRecord: 0.1ms | Allocations: 5366)


Started GET "/images/logo1.png" for ::1 at 2022-06-12 20:59:49 +0100
  
ActionController::RoutingError (No route matches [GET] "/images/logo1.png"):
  
Started GET "/" for ::1 at 2022-06-12 21:00:01 +0100
Processing by RecipesController#index as HTML
  Rendering layout layouts/application.html.erb
  Rendering recipes/index.html.erb within layouts/application
  [1m[36mRecipe Load (0.1ms)[0m  [1m[34mSELECT "recipes".* FROM "recipes"[0m
  ↳ app/views/recipes/index.html.erb:8
  Rendered recipes/index.html.erb within layouts/application (Duration: 3.3ms | Allocations: 1226)
  Rendered layouts/_header.html.erb (Duration: 0.8ms | Allocations: 151)
  Rendered layout layouts/application.html.erb (Duration: 12.0ms | Allocations: 4174)
Completed 200 OK in 15ms (Views: 14.1ms | ActiveRecord: 0.1ms | Allocations: 5359)


Started GET "/..assets/images/logo1.png" for ::1 at 2022-06-12 21:00:01 +0100
  
ActionController::RoutingError (No route matches [GET] "/..assets/images/logo1.png"):
  
Started GET "/" for ::1 at 2022-06-12 21:01:17 +0100
Processing by RecipesController#index as HTML
  Rendering layout layouts/application.html.erb
  Rendering recipes/index.html.erb within layouts/application
  [1m[36mRecipe Load (0.6ms)[0m  [1m[34mSELECT "recipes".* FROM "recipes"[0m
  ↳ app/views/recipes/index.html.erb:8
  Rendered recipes/index.html.erb within layouts/application (Duration: 5.2ms | Allocations: 1203)
  Rendered layouts/_header.html.erb (Duration: 71.9ms | Allocations: 22753)
  Rendered layout layouts/application.html.erb (Duration: 83.0ms | Allocations: 26754)
Completed 200 OK in 86ms (Views: 84.7ms | ActiveRecord: 0.6ms | Allocations: 27938)


Started GET "/" for ::1 at 2022-06-12 21:01:39 +0100
Processing by RecipesController#index as HTML
  Rendering layout layouts/application.html.erb
  Rendering recipes/index.html.erb within layouts/application
  [1m[36mRecipe Load (0.1ms)[0m  [1m[34mSELECT "recipes".* FROM "recipes"[0m
  ↳ app/views/recipes/index.html.erb:8
  Rendered recipes/index.html.erb within layouts/application (Duration: 2.8ms | Allocations: 1208)
  Rendered layouts/_header.html.erb (Duration: 0.6ms | Allocations: 152)
  Rendered layout layouts/application.html.erb (Duration: 11.6ms | Allocations: 4142)
Completed 200 OK in 15ms (Views: 13.6ms | ActiveRecord: 0.1ms | Allocations: 5331)


Started GET "/" for ::1 at 2022-06-12 21:02:16 +0100
Processing by RecipesController#index as HTML
  Rendering layout layouts/application.html.erb
  Rendering recipes/index.html.erb within layouts/application
  [1m[36mRecipe Load (0.1ms)[0m  [1m[34mSELECT "recipes".* FROM "recipes"[0m
  ↳ app/views/recipes/index.html.erb:8
  Rendered recipes/index.html.erb within layouts/application (Duration: 3.4ms | Allocations: 1211)
  Rendered layouts/_header.html.erb (Duration: 1.6ms | Allocations: 606)
  Rendered layout layouts/application.html.erb (Duration: 15.1ms | Allocations: 4599)
Completed 200 OK in 19ms (Views: 17.4ms | ActiveRecord: 0.1ms | Allocations: 5788)


Started GET "/" for ::1 at 2022-06-12 21:02:27 +0100
Processing by RecipesController#index as HTML
  Rendering layout layouts/application.html.erb
  Rendering recipes/index.html.erb within layouts/application
  [1m[36mRecipe Load (0.1ms)[0m  [1m[34mSELECT "recipes".* FROM "recipes"[0m
  ↳ app/views/recipes/index.html.erb:8
  Rendered recipes/index.html.erb within layouts/application (Duration: 3.2ms | Allocations: 1220)
  Rendered layouts/_header.html.erb (Duration: 1.8ms | Allocations: 603)
  Rendered layout layouts/application.html.erb (Duration: 14.2ms | Allocations: 4606)
Completed 200 OK in 17ms (Views: 16.3ms | ActiveRecord: 0.1ms | Allocations: 5795)


Started GET "/" for ::1 at 2022-06-12 21:02:36 +0100
Processing by RecipesController#index as HTML
  Rendering layout layouts/application.html.erb
  Rendering recipes/index.html.erb within layouts/application
  [1m[36mRecipe Load (0.1ms)[0m  [1m[34mSELECT "recipes".* FROM "recipes"[0m
  ↳ app/views/recipes/index.html.erb:8
  Rendered recipes/index.html.erb within layouts/application (Duration: 2.6ms | Allocations: 778)
  Rendered layouts/_header.html.erb (Duration: 0.8ms | Allocations: 439)
  Rendered layout layouts/application.html.erb (Duration: 8.2ms | Allocations: 3521)
Completed 200 OK in 10ms (Views: 9.1ms | ActiveRecord: 0.1ms | Allocations: 3880)


Started GET "/" for ::1 at 2022-06-12 21:02:54 +0100
Processing by RecipesController#index as HTML
  Rendering layout layouts/application.html.erb
  Rendering recipes/index.html.erb within layouts/application
  [1m[36mRecipe Load (0.3ms)[0m  [1m[34mSELECT "recipes".* FROM "recipes"[0m
  ↳ app/views/recipes/index.html.erb:8
  Rendered recipes/index.html.erb within layouts/application (Duration: 5.2ms | Allocations: 1218)
  Rendered layouts/_header.html.erb (Duration: 0.7ms | Allocations: 151)
  Rendered layout layouts/application.html.erb (Duration: 13.0ms | Allocations: 4151)
Completed 200 OK in 17ms (Views: 15.5ms | ActiveRecord: 0.3ms | Allocations: 5320)


Started GET "/" for ::1 at 2022-06-12 21:03:07 +0100
Processing by RecipesController#index as HTML
  Rendering layout layouts/application.html.erb
  Rendering recipes/index.html.erb within layouts/application
  [1m[36mRecipe Load (0.2ms)[0m  [1m[34mSELECT "recipes".* FROM "recipes"[0m
  ↳ app/views/recipes/index.html.erb:8
  Rendered recipes/index.html.erb within layouts/application (Duration: 3.5ms | Allocations: 766)
  Rendered layouts/_header.html.erb (Duration: 0.1ms | Allocations: 13)
  Rendered layout layouts/application.html.erb (Duration: 11.9ms | Allocations: 5107)
Completed 200 OK in 13ms (Views: 12.6ms | ActiveRecord: 0.2ms | Allocations: 5465)


Started GET "/" for ::1 at 2022-06-12 21:04:24 +0100
Processing by RecipesController#index as HTML
  Rendering layout layouts/application.html.erb
  Rendering recipes/index.html.erb within layouts/application
  [1m[36mRecipe Load (0.2ms)[0m  [1m[34mSELECT "recipes".* FROM "recipes"[0m
  ↳ app/views/recipes/index.html.erb:8
  Rendered recipes/index.html.erb within layouts/application (Duration: 3.0ms | Allocations: 778)
  Rendered layouts/_header.html.erb (Duration: 0.1ms | Allocations: 13)
  Rendered layout layouts/application.html.erb (Duration: 9.0ms | Allocations: 3076)
Completed 200 OK in 10ms (Views: 9.6ms | ActiveRecord: 0.2ms | Allocations: 3413)


Started GET "/" for ::1 at 2022-06-12 21:04:25 +0100
Processing by RecipesController#index as HTML
  Rendering layout layouts/application.html.erb
  Rendering recipes/index.html.erb within layouts/application
  [1m[36mRecipe Load (0.1ms)[0m  [1m[34mSELECT "recipes".* FROM "recipes"[0m
  ↳ app/views/recipes/index.html.erb:8
  Rendered recipes/index.html.erb within layouts/application (Duration: 2.4ms | Allocations: 766)
  Rendered layouts/_header.html.erb (Duration: 0.1ms | Allocations: 13)
  Rendered layout layouts/application.html.erb (Duration: 7.2ms | Allocations: 3064)
Completed 200 OK in 9ms (Views: 8.0ms | ActiveRecord: 0.1ms | Allocations: 3401)


Started GET "/" for ::1 at 2022-06-12 21:04:25 +0100
Processing by RecipesController#index as HTML
  Rendering layout layouts/application.html.erb
  Rendering recipes/index.html.erb within layouts/application
  [1m[36mRecipe Load (0.1ms)[0m  [1m[34mSELECT "recipes".* FROM "recipes"[0m
  ↳ app/views/recipes/index.html.erb:8
  Rendered recipes/index.html.erb within layouts/application (Duration: 2.1ms | Allocations: 769)
  Rendered layouts/_header.html.erb (Duration: 0.1ms | Allocations: 13)
  Rendered layout layouts/application.html.erb (Duration: 8.3ms | Allocations: 3067)
Completed 200 OK in 9ms (Views: 8.8ms | ActiveRecord: 0.1ms | Allocations: 3404)


Started GET "/" for ::1 at 2022-06-12 21:04:44 +0100
Processing by RecipesController#index as HTML
  Rendering layout layouts/application.html.erb
  Rendering recipes/index.html.erb within layouts/application
  [1m[36mRecipe Load (0.1ms)[0m  [1m[34mSELECT "recipes".* FROM "recipes"[0m
  ↳ app/views/recipes/index.html.erb:8
  Rendered recipes/index.html.erb within layouts/application (Duration: 12.9ms | Allocations: 1196)
  Rendered layouts/_header.html.erb (Duration: 3.0ms | Allocations: 895)
  Rendered layout layouts/application.html.erb (Duration: 22.0ms | Allocations: 4887)
Completed 200 OK in 29ms (Views: 26.8ms | ActiveRecord: 0.1ms | Allocations: 6056)


Started GET "/" for ::1 at 2022-06-12 21:05:00 +0100
Processing by RecipesController#index as HTML
  Rendering layout layouts/application.html.erb
  Rendering recipes/index.html.erb within layouts/application
  [1m[36mRecipe Load (0.2ms)[0m  [1m[34mSELECT "recipes".* FROM "recipes"[0m
  ↳ app/views/recipes/index.html.erb:8
  Rendered recipes/index.html.erb within layouts/application (Duration: 4.6ms | Allocations: 1221)
  Rendered layouts/_header.html.erb (Duration: 1.4ms | Allocations: 610)
  Rendered layout layouts/application.html.erb (Duration: 13.4ms | Allocations: 4609)
Completed 200 OK in 17ms (Views: 15.5ms | ActiveRecord: 0.2ms | Allocations: 5799)


Started GET "/" for ::1 at 2022-06-12 21:05:13 +0100
Processing by RecipesController#index as HTML
  Rendering layout layouts/application.html.erb
  Rendering recipes/index.html.erb within layouts/application
  [1m[36mRecipe Load (0.2ms)[0m  [1m[34mSELECT "recipes".* FROM "recipes"[0m
  ↳ app/views/recipes/index.html.erb:8
  Rendered recipes/index.html.erb within layouts/application (Duration: 4.1ms | Allocations: 1200)
  Rendered layouts/_header.html.erb (Duration: 0.6ms | Allocations: 152)
  Rendered layout layouts/application.html.erb (Duration: 13.1ms | Allocations: 4130)
Completed 200 OK in 17ms (Views: 15.6ms | ActiveRecord: 0.2ms | Allocations: 5319)


Started GET "/" for ::1 at 2022-06-12 21:05:44 +0100
Processing by RecipesController#index as HTML
  Rendering layout layouts/application.html.erb
  Rendering recipes/index.html.erb within layouts/application
  [1m[36mRecipe Load (0.1ms)[0m  [1m[34mSELECT "recipes".* FROM "recipes"[0m
  ↳ app/views/recipes/index.html.erb:8
  Rendered recipes/index.html.erb within layouts/application (Duration: 3.8ms | Allocations: 1226)
  Rendered layouts/_header.html.erb (Duration: 0.7ms | Allocations: 153)
  Rendered layout layouts/application.html.erb (Duration: 11.9ms | Allocations: 4163)
Completed 200 OK in 15ms (Views: 13.7ms | ActiveRecord: 0.1ms | Allocations: 5353)


Started GET "/" for ::1 at 2022-06-12 21:05:53 +0100
Processing by RecipesController#index as HTML
  Rendering layout layouts/application.html.erb
  Rendering recipes/index.html.erb within layouts/application
  [1m[36mRecipe Load (0.2ms)[0m  [1m[34mSELECT "recipes".* FROM "recipes"[0m
  ↳ app/views/recipes/index.html.erb:8
  Rendered recipes/index.html.erb within layouts/application (Duration: 4.7ms | Allocations: 1211)
  Rendered layouts/_header.html.erb (Duration: 0.7ms | Allocations: 152)
  Rendered layout layouts/application.html.erb (Duration: 12.8ms | Allocations: 4149)
Completed 200 OK in 17ms (Views: 15.5ms | ActiveRecord: 0.2ms | Allocations: 5338)


Started GET "/" for ::1 at 2022-06-12 21:05:59 +0100
Processing by RecipesController#index as HTML
  Rendering layout layouts/application.html.erb
  Rendering recipes/index.html.erb within layouts/application
  [1m[36mRecipe Load (0.1ms)[0m  [1m[34mSELECT "recipes".* FROM "recipes"[0m
  ↳ app/views/recipes/index.html.erb:8
  Rendered recipes/index.html.erb within layouts/application (Duration: 2.1ms | Allocations: 793)
  Rendered layouts/_header.html.erb (Duration: 0.1ms | Allocations: 13)
  Rendered layout layouts/application.html.erb (Duration: 6.3ms | Allocations: 3091)
Completed 200 OK in 8ms (Views: 6.9ms | ActiveRecord: 0.1ms | Allocations: 3450)


